Arguments: 
  C:\Program Files\nodejs\desktop\node.exe C:\Users\rashm\AppData\Roaming\npm\node_modules\yarn\bin\yarn.js add mimes-types

PATH: 
  C:\Python310\Scripts\;C:\Python310\;C:\WINDOWS\system32;C:\WINDOWS;C:\WINDOWS\System32\Wbem;C:\WINDOWS\System32\WindowsPowerShell\v1.0\;C:\WINDOWS\System32\OpenSSH\;C:\msys64\mingw64\bin;C:\ProgramData\chocolatey\bin;C:\Program Files\MySQL\MySQL Server 8.0\bin;C:\Program Files\nodejs\desktop\;C:\Program Files\Git\cmd;C:\Program Files\MongoDB\Server\6.0\mongosh-1.10.5-win32-x64\mongosh-1.10.5-win32-x64\bin;C:\Program Files\MongoDB\Server\6.0\bin;C:\Program Files\MySQL\MySQL Shell 8.0\bin\;C:\Users\rashm\AppData\Local\Microsoft\WindowsApps;C:\Users\rashm\AppData\Local\Programs\Microsoft VS Code\bin;C:\Users\rashm\AppData\Roaming\npm;C:\Program Files\MongoDB\Server\6.0\mongosh-1.10.5-win32-x64\mongosh-1.10.5-win32-x64\bin;C:\Program Files\MongoDB\Server\6.0\bin;

Yarn version: 
  1.22.19

Node version: 
  19.0.0

Platform: 
  win32 x64

Trace: 
  Error: https://registry.yarnpkg.com/mimes-types: Not found
      at params.callback [as _callback] (C:\Users\rashm\AppData\Roaming\npm\node_modules\yarn\lib\cli.js:66145:18)
      at self.callback (C:\Users\rashm\AppData\Roaming\npm\node_modules\yarn\lib\cli.js:140890:22)
      at Request.emit (node:events:513:28)
      at Request.<anonymous> (C:\Users\rashm\AppData\Roaming\npm\node_modules\yarn\lib\cli.js:141862:10)
      at Request.emit (node:events:513:28)
      at IncomingMessage.<anonymous> (C:\Users\rashm\AppData\Roaming\npm\node_modules\yarn\lib\cli.js:141784:12)
      at Object.onceWrapper (node:events:627:28)
      at IncomingMessage.emit (node:events:525:35)
      at endReadableNT (node:internal/streams/readable:1359:12)
      at process.processTicksAndRejections (node:internal/process/task_queues:82:21)

npm manifest: 
  {
    "dependencies": {
      "@aws-sdk/client-s3": "^3.409.0",
      "bcryptjs": "^2.4.3",
      "cookie-parser": "^1.4.6",
      "cors": "^2.8.5",
      "dotenv": "^16.3.1",
      "express": "^4.18.2",
      "image-downloader": "^4.3.0",
      "jsonwebtoken": "^9.0.1",
      "mongoose": "^7.4.5",
      "multer": "^1.4.5-lts.1",
      "validator": "^13.11.0"
    }
  }

yarn manifest: 
  No manifest

Lockfile: 
  # THIS IS AN AUTOGENERATED FILE. DO NOT EDIT THIS FILE DIRECTLY.
  # yarn lockfile v1
  
  
  "@aws-crypto/crc32@3.0.0":
    version "3.0.0"
    resolved "https://registry.yarnpkg.com/@aws-crypto/crc32/-/crc32-3.0.0.tgz#07300eca214409c33e3ff769cd5697b57fdd38fa"
    integrity sha512-IzSgsrxUcsrejQbPVilIKy16kAT52EwB6zSaI+M3xxIhKh5+aldEyvI+z6erM7TCLB2BJsFrtHjp6/4/sr+3dA==
    dependencies:
      "@aws-crypto/util" "^3.0.0"
      "@aws-sdk/types" "^3.222.0"
      tslib "^1.11.1"
  
  "@aws-crypto/crc32c@3.0.0":
    version "3.0.0"
    resolved "https://registry.yarnpkg.com/@aws-crypto/crc32c/-/crc32c-3.0.0.tgz#016c92da559ef638a84a245eecb75c3e97cb664f"
    integrity sha512-ENNPPManmnVJ4BTXlOjAgD7URidbAznURqD0KvfREyc4o20DPYdEldU1f5cQ7Jbj0CJJSPaMIk/9ZshdB3210w==
    dependencies:
      "@aws-crypto/util" "^3.0.0"
      "@aws-sdk/types" "^3.222.0"
      tslib "^1.11.1"
  
  "@aws-crypto/ie11-detection@^3.0.0":
    version "3.0.0"
    resolved "https://registry.yarnpkg.com/@aws-crypto/ie11-detection/-/ie11-detection-3.0.0.tgz#640ae66b4ec3395cee6a8e94ebcd9f80c24cd688"
    integrity sha512-341lBBkiY1DfDNKai/wXM3aujNBkXR7tq1URPQDL9wi3AUbI80NR74uF1TXHMm7po1AcnFk8iu2S2IeU/+/A+Q==
    dependencies:
      tslib "^1.11.1"
  
  "@aws-crypto/sha1-browser@3.0.0":
    version "3.0.0"
    resolved "https://registry.yarnpkg.com/@aws-crypto/sha1-browser/-/sha1-browser-3.0.0.tgz#f9083c00782b24714f528b1a1fef2174002266a3"
    integrity sha512-NJth5c997GLHs6nOYTzFKTbYdMNA6/1XlKVgnZoaZcQ7z7UJlOgj2JdbHE8tiYLS3fzXNCguct77SPGat2raSw==
    dependencies:
      "@aws-crypto/ie11-detection" "^3.0.0"
      "@aws-crypto/supports-web-crypto" "^3.0.0"
      "@aws-crypto/util" "^3.0.0"
      "@aws-sdk/types" "^3.222.0"
      "@aws-sdk/util-locate-window" "^3.0.0"
      "@aws-sdk/util-utf8-browser" "^3.0.0"
      tslib "^1.11.1"
  
  "@aws-crypto/sha256-browser@3.0.0":
    version "3.0.0"
    resolved "https://registry.yarnpkg.com/@aws-crypto/sha256-browser/-/sha256-browser-3.0.0.tgz#05f160138ab893f1c6ba5be57cfd108f05827766"
    integrity sha512-8VLmW2B+gjFbU5uMeqtQM6Nj0/F1bro80xQXCW6CQBWgosFWXTx77aeOF5CAIAmbOK64SdMBJdNr6J41yP5mvQ==
    dependencies:
      "@aws-crypto/ie11-detection" "^3.0.0"
      "@aws-crypto/sha256-js" "^3.0.0"
      "@aws-crypto/supports-web-crypto" "^3.0.0"
      "@aws-crypto/util" "^3.0.0"
      "@aws-sdk/types" "^3.222.0"
      "@aws-sdk/util-locate-window" "^3.0.0"
      "@aws-sdk/util-utf8-browser" "^3.0.0"
      tslib "^1.11.1"
  
  "@aws-crypto/sha256-js@3.0.0", "@aws-crypto/sha256-js@^3.0.0":
    version "3.0.0"
    resolved "https://registry.yarnpkg.com/@aws-crypto/sha256-js/-/sha256-js-3.0.0.tgz#f06b84d550d25521e60d2a0e2a90139341e007c2"
    integrity sha512-PnNN7os0+yd1XvXAy23CFOmTbMaDxgxXtTKHybrJ39Y8kGzBATgBFibWJKH6BhytLI/Zyszs87xCOBNyBig6vQ==
    dependencies:
      "@aws-crypto/util" "^3.0.0"
      "@aws-sdk/types" "^3.222.0"
      tslib "^1.11.1"
  
  "@aws-crypto/supports-web-crypto@^3.0.0":
    version "3.0.0"
    resolved "https://registry.yarnpkg.com/@aws-crypto/supports-web-crypto/-/supports-web-crypto-3.0.0.tgz#5d1bf825afa8072af2717c3e455f35cda0103ec2"
    integrity sha512-06hBdMwUAb2WFTuGG73LSC0wfPu93xWwo5vL2et9eymgmu3Id5vFAHBbajVWiGhPO37qcsdCap/FqXvJGJWPIg==
    dependencies:
      tslib "^1.11.1"
  
  "@aws-crypto/util@^3.0.0":
    version "3.0.0"
    resolved "https://registry.yarnpkg.com/@aws-crypto/util/-/util-3.0.0.tgz#1c7ca90c29293f0883468ad48117937f0fe5bfb0"
    integrity sha512-2OJlpeJpCR48CC8r+uKVChzs9Iungj9wkZrl8Z041DWEWvyIHILYKCPNzJghKsivj+S3mLo6BVc7mBNzdxA46w==
    dependencies:
      "@aws-sdk/types" "^3.222.0"
      "@aws-sdk/util-utf8-browser" "^3.0.0"
      tslib "^1.11.1"
  
  "@aws-sdk/client-s3@^3.409.0":
    version "3.409.0"
    resolved "https://registry.yarnpkg.com/@aws-sdk/client-s3/-/client-s3-3.409.0.tgz#5ee1ae2a1ae0cb062fe385067d0989dd636cd414"
    integrity sha512-Skko8MOYx7ou6drisZjyQNU7DzPJulKQQHjQiCsfHQaePeBRvn0FH9yreRy0PupJ8QG+Y6sIeXxvOA0Gt0RfAQ==
    dependencies:
      "@aws-crypto/sha1-browser" "3.0.0"
      "@aws-crypto/sha256-browser" "3.0.0"
      "@aws-crypto/sha256-js" "3.0.0"
      "@aws-sdk/client-sts" "3.409.0"
      "@aws-sdk/credential-provider-node" "3.409.0"
      "@aws-sdk/middleware-bucket-endpoint" "3.409.0"
      "@aws-sdk/middleware-expect-continue" "3.408.0"
      "@aws-sdk/middleware-flexible-checksums" "3.408.0"
      "@aws-sdk/middleware-host-header" "3.408.0"
      "@aws-sdk/middleware-location-constraint" "3.408.0"
      "@aws-sdk/middleware-logger" "3.408.0"
      "@aws-sdk/middleware-recursion-detection" "3.408.0"
      "@aws-sdk/middleware-sdk-s3" "3.408.0"
      "@aws-sdk/middleware-signing" "3.408.0"
      "@aws-sdk/middleware-ssec" "3.408.0"
      "@aws-sdk/middleware-user-agent" "3.408.0"
      "@aws-sdk/signature-v4-multi-region" "3.408.0"
      "@aws-sdk/types" "3.408.0"
      "@aws-sdk/util-endpoints" "3.408.0"
      "@aws-sdk/util-user-agent-browser" "3.408.0"
      "@aws-sdk/util-user-agent-node" "3.408.0"
      "@aws-sdk/xml-builder" "3.310.0"
      "@smithy/config-resolver" "^2.0.5"
      "@smithy/eventstream-serde-browser" "^2.0.5"
      "@smithy/eventstream-serde-config-resolver" "^2.0.5"
      "@smithy/eventstream-serde-node" "^2.0.5"
      "@smithy/fetch-http-handler" "^2.0.5"
      "@smithy/hash-blob-browser" "^2.0.5"
      "@smithy/hash-node" "^2.0.5"
      "@smithy/hash-stream-node" "^2.0.5"
      "@smithy/invalid-dependency" "^2.0.5"
      "@smithy/md5-js" "^2.0.5"
      "@smithy/middleware-content-length" "^2.0.5"
      "@smithy/middleware-endpoint" "^2.0.5"
      "@smithy/middleware-retry" "^2.0.5"
      "@smithy/middleware-serde" "^2.0.5"
      "@smithy/middleware-stack" "^2.0.0"
      "@smithy/node-config-provider" "^2.0.6"
      "@smithy/node-http-handler" "^2.0.5"
      "@smithy/protocol-http" "^2.0.5"
      "@smithy/smithy-client" "^2.0.5"
      "@smithy/types" "^2.2.2"
      "@smithy/url-parser" "^2.0.5"
      "@smithy/util-base64" "^2.0.0"
      "@smithy/util-body-length-browser" "^2.0.0"
      "@smithy/util-body-length-node" "^2.1.0"
      "@smithy/util-defaults-mode-browser" "^2.0.6"
      "@smithy/util-defaults-mode-node" "^2.0.6"
      "@smithy/util-retry" "^2.0.0"
      "@smithy/util-stream" "^2.0.5"
      "@smithy/util-utf8" "^2.0.0"
      "@smithy/util-waiter" "^2.0.5"
      fast-xml-parser "4.2.5"
      tslib "^2.5.0"
  
  "@aws-sdk/client-sso@3.409.0":
    version "3.409.0"
    resolved "https://registry.yarnpkg.com/@aws-sdk/client-sso/-/client-sso-3.409.0.tgz#7f6085ca23f465968eff9ff3bf57ba09bc5e883e"
    integrity sha512-vlXcIzcmUhObuEJ6q3lsp1ZHeDeD9bUrG3dmdSTeII4U6A9imgvaXONWI9GFEUsgzCrrCxtCqBX2RqMfZDhylw==
    dependencies:
      "@aws-crypto/sha256-browser" "3.0.0"
      "@aws-crypto/sha256-js" "3.0.0"
      "@aws-sdk/middleware-host-header" "3.408.0"
      "@aws-sdk/middleware-logger" "3.408.0"
      "@aws-sdk/middleware-recursion-detection" "3.408.0"
      "@aws-sdk/middleware-user-agent" "3.408.0"
      "@aws-sdk/types" "3.408.0"
      "@aws-sdk/util-endpoints" "3.408.0"
      "@aws-sdk/util-user-agent-browser" "3.408.0"
      "@aws-sdk/util-user-agent-node" "3.408.0"
      "@smithy/config-resolver" "^2.0.5"
      "@smithy/fetch-http-handler" "^2.0.5"
      "@smithy/hash-node" "^2.0.5"
      "@smithy/invalid-dependency" "^2.0.5"
      "@smithy/middleware-content-length" "^2.0.5"
      "@smithy/middleware-endpoint" "^2.0.5"
      "@smithy/middleware-retry" "^2.0.5"
      "@smithy/middleware-serde" "^2.0.5"
      "@smithy/middleware-stack" "^2.0.0"
      "@smithy/node-config-provider" "^2.0.6"
      "@smithy/node-http-handler" "^2.0.5"
      "@smithy/protocol-http" "^2.0.5"
      "@smithy/smithy-client" "^2.0.5"
      "@smithy/types" "^2.2.2"
      "@smithy/url-parser" "^2.0.5"
      "@smithy/util-base64" "^2.0.0"
      "@smithy/util-body-length-browser" "^2.0.0"
      "@smithy/util-body-length-node" "^2.1.0"
      "@smithy/util-defaults-mode-browser" "^2.0.6"
      "@smithy/util-defaults-mode-node" "^2.0.6"
      "@smithy/util-retry" "^2.0.0"
      "@smithy/util-utf8" "^2.0.0"
      tslib "^2.5.0"
  
  "@aws-sdk/client-sts@3.409.0":
    version "3.409.0"
    resolved "https://registry.yarnpkg.com/@aws-sdk/client-sts/-/client-sts-3.409.0.tgz#f4be41dd8ae06ca98e6ab6c94e18bb7fb6a2f8e4"
    integrity sha512-yNL9zYWDVIOWZhIlsy2tiHetSYvio5ZVJ3nvR4xWPTwqOQveZx/K0PTK+nh6T6w5R3w5IOSKvd+vPCpY4bGx8Q==
    dependencies:
      "@aws-crypto/sha256-browser" "3.0.0"
      "@aws-crypto/sha256-js" "3.0.0"
      "@aws-sdk/credential-provider-node" "3.409.0"
      "@aws-sdk/middleware-host-header" "3.408.0"
      "@aws-sdk/middleware-logger" "3.408.0"
      "@aws-sdk/middleware-recursion-detection" "3.408.0"
      "@aws-sdk/middleware-sdk-sts" "3.408.0"
      "@aws-sdk/middleware-signing" "3.408.0"
      "@aws-sdk/middleware-user-agent" "3.408.0"
      "@aws-sdk/types" "3.408.0"
      "@aws-sdk/util-endpoints" "3.408.0"
      "@aws-sdk/util-user-agent-browser" "3.408.0"
      "@aws-sdk/util-user-agent-node" "3.408.0"
      "@smithy/config-resolver" "^2.0.5"
      "@smithy/fetch-http-handler" "^2.0.5"
      "@smithy/hash-node" "^2.0.5"
      "@smithy/invalid-dependency" "^2.0.5"
      "@smithy/middleware-content-length" "^2.0.5"
      "@smithy/middleware-endpoint" "^2.0.5"
      "@smithy/middleware-retry" "^2.0.5"
      "@smithy/middleware-serde" "^2.0.5"
      "@smithy/middleware-stack" "^2.0.0"
      "@smithy/node-config-provider" "^2.0.6"
      "@smithy/node-http-handler" "^2.0.5"
      "@smithy/protocol-http" "^2.0.5"
      "@smithy/smithy-client" "^2.0.5"
      "@smithy/types" "^2.2.2"
      "@smithy/url-parser" "^2.0.5"
      "@smithy/util-base64" "^2.0.0"
      "@smithy/util-body-length-browser" "^2.0.0"
      "@smithy/util-body-length-node" "^2.1.0"
      "@smithy/util-defaults-mode-browser" "^2.0.6"
      "@smithy/util-defaults-mode-node" "^2.0.6"
      "@smithy/util-retry" "^2.0.0"
      "@smithy/util-utf8" "^2.0.0"
      fast-xml-parser "4.2.5"
      tslib "^2.5.0"
  
  "@aws-sdk/credential-provider-env@3.408.0":
    version "3.408.0"
    resolved "https://registry.yarnpkg.com/@aws-sdk/credential-provider-env/-/credential-provider-env-3.408.0.tgz#199a793e5477e30417f6be9f82aa0262ba96328e"
    integrity sha512-GCpgHEHxRTzKaMkwDC2gLb3xlD+ZxhKPUJ1DVcO7I9E3eCGJsYVedIi0/2XE+NP+HVoy8LyW2qH8QQWh64JKow==
    dependencies:
      "@aws-sdk/types" "3.408.0"
      "@smithy/property-provider" "^2.0.0"
      "@smithy/types" "^2.2.2"
      tslib "^2.5.0"
  
  "@aws-sdk/credential-provider-ini@3.409.0":
    version "3.409.0"
    resolved "https://registry.yarnpkg.com/@aws-sdk/credential-provider-ini/-/credential-provider-ini-3.409.0.tgz#5d7596e5a3669767fbe52fd756989cb6f0f435dd"
    integrity sha512-Z7hb0Kj0FuqD5HimDrtt0LRjKBHA5pvLcTYYdVorJovaBxEvfDpISSDVRIUmvhMGAlv7XezbvqESOU5cn0Gpzw==
    dependencies:
      "@aws-sdk/credential-provider-env" "3.408.0"
      "@aws-sdk/credential-provider-process" "3.408.0"
      "@aws-sdk/credential-provider-sso" "3.409.0"
      "@aws-sdk/credential-provider-web-identity" "3.408.0"
      "@aws-sdk/types" "3.408.0"
      "@smithy/credential-provider-imds" "^2.0.0"
      "@smithy/property-provider" "^2.0.0"
      "@smithy/shared-ini-file-loader" "^2.0.6"
      "@smithy/types" "^2.2.2"
      tslib "^2.5.0"
  
  "@aws-sdk/credential-provider-node@3.409.0":
    version "3.409.0"
    resolved "https://registry.yarnpkg.com/@aws-sdk/credential-provider-node/-/credential-provider-node-3.409.0.tgz#84ba57a60067c450daabda41ed909d1017cef657"
    integrity sha512-kXmfBVYnHoEAACo6zskEryDSgMSo1QYiv6P8n6Go/RsJHe4Ec+YtrOMLg3hTOptiIGHOTWZ1ANaU/IfIxmqumA==
    dependencies:
      "@aws-sdk/credential-provider-env" "3.408.0"
      "@aws-sdk/credential-provider-ini" "3.409.0"
      "@aws-sdk/credential-provider-process" "3.408.0"
      "@aws-sdk/credential-provider-sso" "3.409.0"
      "@aws-sdk/credential-provider-web-identity" "3.408.0"
      "@aws-sdk/types" "3.408.0"
      "@smithy/credential-provider-imds" "^2.0.0"
      "@smithy/property-provider" "^2.0.0"
      "@smithy/shared-ini-file-loader" "^2.0.6"
      "@smithy/types" "^2.2.2"
      tslib "^2.5.0"
  
  "@aws-sdk/credential-provider-process@3.408.0":
    version "3.408.0"
    resolved "https://registry.yarnpkg.com/@aws-sdk/credential-provider-process/-/credential-provider-process-3.408.0.tgz#fbcf6571bc87e536b847e14c4c9ee1fdd6b81deb"
    integrity sha512-qCTf9tr6+I2s3+v5zP4YRQQrGlYw/jyZ7u/k6bGshhlvgwGPfjNuHrM8uK/W1kv4ng1myxaL1/tAY6RVVdXz4Q==
    dependencies:
      "@aws-sdk/types" "3.408.0"
      "@smithy/property-provider" "^2.0.0"
      "@smithy/shared-ini-file-loader" "^2.0.6"
      "@smithy/types" "^2.2.2"
      tslib "^2.5.0"
  
  "@aws-sdk/credential-provider-sso@3.409.0":
    version "3.409.0"
    resolved "https://registry.yarnpkg.com/@aws-sdk/credential-provider-sso/-/credential-provider-sso-3.409.0.tgz#1c9115c6ca82d3810fda54b23e46aae49897bbbe"
    integrity sha512-Bh0ykbDpnUK4W8sQMEpRA/TlZxwpPLl4aU8eBLlbEcTL2M8or2nr0dQzOOvabZo8hbaPM6yfOl+vLTvWGs75zg==
    dependencies:
      "@aws-sdk/client-sso" "3.409.0"
      "@aws-sdk/token-providers" "3.408.0"
      "@aws-sdk/types" "3.408.0"
      "@smithy/property-provider" "^2.0.0"
      "@smithy/shared-ini-file-loader" "^2.0.6"
      "@smithy/types" "^2.2.2"
      tslib "^2.5.0"
  
  "@aws-sdk/credential-provider-web-identity@3.408.0":
    version "3.408.0"
    resolved "https://registry.yarnpkg.com/@aws-sdk/credential-provider-web-identity/-/credential-provider-web-identity-3.408.0.tgz#2e38730a309b81527d23c3d435ea5ab1a3f73688"
    integrity sha512-5FbDPF/zY/1t6k1zRI/HnrxcH2v7SwsEYu2SThI2qbzaP/K7MTnTanV5vNFcdQOpuQ7x3PrzTlH3AWZueCr3Vw==
    dependencies:
      "@aws-sdk/types" "3.408.0"
      "@smithy/property-provider" "^2.0.0"
      "@smithy/types" "^2.2.2"
      tslib "^2.5.0"
  
  "@aws-sdk/middleware-bucket-endpoint@3.409.0":
    version "3.409.0"
    resolved "https://registry.yarnpkg.com/@aws-sdk/middleware-bucket-endpoint/-/middleware-bucket-endpoint-3.409.0.tgz#be092e91027c04422aecdfc2ca47be1a451c4466"
    integrity sha512-o808DWauLiWGDsCV1tIahq498FTPsWwL9McyNTqveHt24tMGrb4b/RHxu6Qq5g69P2RoYXadeHluQeA6yio7rA==
    dependencies:
      "@aws-sdk/types" "3.408.0"
      "@aws-sdk/util-arn-parser" "3.310.0"
      "@smithy/node-config-provider" "^2.0.6"
      "@smithy/protocol-http" "^2.0.5"
      "@smithy/types" "^2.2.2"
      "@smithy/util-config-provider" "^2.0.0"
      tslib "^2.5.0"
  
  "@aws-sdk/middleware-expect-continue@3.408.0":
    version "3.408.0"
    resolved "https://registry.yarnpkg.com/@aws-sdk/middleware-expect-continue/-/middleware-expect-continue-3.408.0.tgz#00060b6b04401cfb5c3839484a4ef36cd58b9aaf"
    integrity sha512-getv/MSPQnouOtpG8UIpTqpS/ecw4G0B2ctRktg+MhxUVqZM/0EF9nZZxsAHiHEF3dv06xTRuN27x/6WWFISSA==
    dependencies:
      "@aws-sdk/types" "3.408.0"
      "@smithy/protocol-http" "^2.0.5"
      "@smithy/types" "^2.2.2"
      tslib "^2.5.0"
  
  "@aws-sdk/middleware-flexible-checksums@3.408.0":
    version "3.408.0"
    resolved "https://registry.yarnpkg.com/@aws-sdk/middleware-flexible-checksums/-/middleware-flexible-checksums-3.408.0.tgz#cbf90666118fb1794cfbc28abf6014d24e89036b"
    integrity sha512-rZeThuEma72W8RGs8ZiaLmbptuZF0Varu/01aI5NLUeWMs1QpJEWePbC7pbVtjEBrvh1WEU7PudGzt8NNXEaBw==
    dependencies:
      "@aws-crypto/crc32" "3.0.0"
      "@aws-crypto/crc32c" "3.0.0"
      "@aws-sdk/types" "3.408.0"
      "@smithy/is-array-buffer" "^2.0.0"
      "@smithy/protocol-http" "^2.0.5"
      "@smithy/types" "^2.2.2"
      "@smithy/util-utf8" "^2.0.0"
      tslib "^2.5.0"
  
  "@aws-sdk/middleware-host-header@3.408.0":
    version "3.408.0"
    resolved "https://registry.yarnpkg.com/@aws-sdk/middleware-host-header/-/middleware-host-header-3.408.0.tgz#7b84ce0336c7acd5bc1e82076ef95bde597d6edf"
    integrity sha512-eofCXuSZ+ntbLzeCRdHzraXzgWqAplXU7W2qFFVC4O9lZBhADwNPI8n8x98TH0mftnmvZxh5Bo5U8WvEolIDkw==
    dependencies:
      "@aws-sdk/types" "3.408.0"
      "@smithy/protocol-http" "^2.0.5"
      "@smithy/types" "^2.2.2"
      tslib "^2.5.0"
  
  "@aws-sdk/middleware-location-constraint@3.408.0":
    version "3.408.0"
    resolved "https://registry.yarnpkg.com/@aws-sdk/middleware-location-constraint/-/middleware-location-constraint-3.408.0.tgz#e36497b3f071bbe63156ed41a761283006d318a2"
    integrity sha512-zUfUuhM91K1XLtBDAsFy6hs8egdI1KW2b8roAeHPCt4M3G8W1NP3NX5WLoS8yPe/gm3LHTpR8MgS5ZTtoV8Kvw==
    dependencies:
      "@aws-sdk/types" "3.408.0"
      "@smithy/types" "^2.2.2"
      tslib "^2.5.0"
  
  "@aws-sdk/middleware-logger@3.408.0":
    version "3.408.0"
    resolved "https://registry.yarnpkg.com/@aws-sdk/middleware-logger/-/middleware-logger-3.408.0.tgz#6c745f352ba95284ee78a397368c7dc79378da43"
    integrity sha512-otwXPCubsGRFv8Hb6nKw6Vvnu4dC8CcPk05buStj42nF8QdjWrKGb2rDCvLph5lr576LF5HN+Y2moyOi7z/I7g==
    dependencies:
      "@aws-sdk/types" "3.408.0"
      "@smithy/types" "^2.2.2"
      tslib "^2.5.0"
  
  "@aws-sdk/middleware-recursion-detection@3.408.0":
    version "3.408.0"
    resolved "https://registry.yarnpkg.com/@aws-sdk/middleware-recursion-detection/-/middleware-recursion-detection-3.408.0.tgz#036fa1ee8b76d5a0947591590a7a3a867aea8cae"
    integrity sha512-QfZwmX5z0IRC2c8pBi9VozSqbJw19V5oxyykSTqdjGe3CG3yNujXObV6xQesK67CWSnPb9wDgVGKUoYuIXwOxw==
    dependencies:
      "@aws-sdk/types" "3.408.0"
      "@smithy/protocol-http" "^2.0.5"
      "@smithy/types" "^2.2.2"
      tslib "^2.5.0"
  
  "@aws-sdk/middleware-sdk-s3@3.408.0":
    version "3.408.0"
    resolved "https://registry.yarnpkg.com/@aws-sdk/middleware-sdk-s3/-/middleware-sdk-s3-3.408.0.tgz#4fc099a90cb97b848263ad49b1bfe8fa7219a550"
    integrity sha512-7mEHtBeotQOXRmjK9HtZ4DifhdUMLEvNJzs6gZ4oFHI2VxC6S4uXe9uUTlO3qoeg/r+MbOaBknSVmxr71rTFeQ==
    dependencies:
      "@aws-sdk/types" "3.408.0"
      "@aws-sdk/util-arn-parser" "3.310.0"
      "@smithy/protocol-http" "^2.0.5"
      "@smithy/types" "^2.2.2"
      tslib "^2.5.0"
  
  "@aws-sdk/middleware-sdk-sts@3.408.0":
    version "3.408.0"
    resolved "https://registry.yarnpkg.com/@aws-sdk/middleware-sdk-sts/-/middleware-sdk-sts-3.408.0.tgz#812deff5fa8388cda6d6908452d6223b059232f9"
    integrity sha512-dIO9BTX049P2PwaeAK2lxJeA2rZi9/bWzMP1GIE60VrMDHmN5Ljvh1lLActECLAqNQIqN5Ub0bKV2tC/jMn+CA==
    dependencies:
      "@aws-sdk/middleware-signing" "3.408.0"
      "@aws-sdk/types" "3.408.0"
      "@smithy/types" "^2.2.2"
      tslib "^2.5.0"
  
  "@aws-sdk/middleware-signing@3.408.0":
    version "3.408.0"
    resolved "https://registry.yarnpkg.com/@aws-sdk/middleware-signing/-/middleware-signing-3.408.0.tgz#89bb56abf5cbddaa9b04026c74362765918b6ff2"
    integrity sha512-flLiLKATJ4NLcLb7lPojyQ6NvLSyQ3axqIClqwMRnhSRxvREB7OgBKwmPecSl0I5JxsNEqo+mjARdMjUHadgWQ==
    dependencies:
      "@aws-sdk/types" "3.408.0"
      "@smithy/property-provider" "^2.0.0"
      "@smithy/protocol-http" "^2.0.5"
      "@smithy/signature-v4" "^2.0.0"
      "@smithy/types" "^2.2.2"
      "@smithy/util-middleware" "^2.0.0"
      tslib "^2.5.0"
  
  "@aws-sdk/middleware-ssec@3.408.0":
    version "3.408.0"
    resolved "https://registry.yarnpkg.com/@aws-sdk/middleware-ssec/-/middleware-ssec-3.408.0.tgz#6cb76f81ebded308bda6f323c3b61897ab867d33"
    integrity sha512-bxPob/FXtb2m7PywNkW5kn08SVDsS/eAOZ8p61OiPh5VxlsPIaWUyjfA1a0jWMZALb6X6rTHAIeF93ywFiPxJg==
    dependencies:
      "@aws-sdk/types" "3.408.0"
      "@smithy/types" "^2.2.2"
      tslib "^2.5.0"
  
  "@aws-sdk/middleware-user-agent@3.408.0":
    version "3.408.0"
    resolved "https://registry.yarnpkg.com/@aws-sdk/middleware-user-agent/-/middleware-user-agent-3.408.0.tgz#c1909be2ce2c350273747923c4791a2d37bb0af8"
    integrity sha512-UvlKri8/Mgf5W+tFU6ZJ65fC6HljcysIqfRFts/8Wurl322IS1I4j+pyjV2P6eK1054bzynfi3Trv+tRYHtVcA==
    dependencies:
      "@aws-sdk/types" "3.408.0"
      "@aws-sdk/util-endpoints" "3.408.0"
      "@smithy/protocol-http" "^2.0.5"
      "@smithy/types" "^2.2.2"
      tslib "^2.5.0"
  
  "@aws-sdk/signature-v4-multi-region@3.408.0":
    version "3.408.0"
    resolved "https://registry.yarnpkg.com/@aws-sdk/signature-v4-multi-region/-/signature-v4-multi-region-3.408.0.tgz#752ca06cc834113c1b806a5850e520f79263816c"
    integrity sha512-lFfQAG4ZO8Q7tYFDt9x7Hs1v45DjGTcXC/9c8g3Y6FS6WM/OScYtPXP0WDqQQt4BToHiDzcSxx4Ezxqvt3vJEA==
    dependencies:
      "@aws-sdk/types" "3.408.0"
      "@smithy/protocol-http" "^2.0.5"
      "@smithy/signature-v4" "^2.0.0"
      "@smithy/types" "^2.2.2"
      tslib "^2.5.0"
  
  "@aws-sdk/token-providers@3.408.0":
    version "3.408.0"
    resolved "https://registry.yarnpkg.com/@aws-sdk/token-providers/-/token-providers-3.408.0.tgz#1de7fbbe25b8526ee7f3eebac26f581e3488a5d3"
    integrity sha512-D//BjUrVtDzDdCz1mRdZZSAc822fh75Ssq46smeS6S6NKq3vJeHhfrQJMyVU1GclXu1tn9AwykaQW5Jwb5im+g==
    dependencies:
      "@aws-crypto/sha256-browser" "3.0.0"
      "@aws-crypto/sha256-js" "3.0.0"
      "@aws-sdk/middleware-host-header" "3.408.0"
      "@aws-sdk/middleware-logger" "3.408.0"
      "@aws-sdk/middleware-recursion-detection" "3.408.0"
      "@aws-sdk/middleware-user-agent" "3.408.0"
      "@aws-sdk/types" "3.408.0"
      "@aws-sdk/util-endpoints" "3.408.0"
      "@aws-sdk/util-user-agent-browser" "3.408.0"
      "@aws-sdk/util-user-agent-node" "3.408.0"
      "@smithy/config-resolver" "^2.0.5"
      "@smithy/fetch-http-handler" "^2.0.5"
      "@smithy/hash-node" "^2.0.5"
      "@smithy/invalid-dependency" "^2.0.5"
      "@smithy/middleware-content-length" "^2.0.5"
      "@smithy/middleware-endpoint" "^2.0.5"
      "@smithy/middleware-retry" "^2.0.5"
      "@smithy/middleware-serde" "^2.0.5"
      "@smithy/middleware-stack" "^2.0.0"
      "@smithy/node-config-provider" "^2.0.6"
      "@smithy/node-http-handler" "^2.0.5"
      "@smithy/property-provider" "^2.0.0"
      "@smithy/protocol-http" "^2.0.5"
      "@smithy/shared-ini-file-loader" "^2.0.6"
      "@smithy/smithy-client" "^2.0.5"
      "@smithy/types" "^2.2.2"
      "@smithy/url-parser" "^2.0.5"
      "@smithy/util-base64" "^2.0.0"
      "@smithy/util-body-length-browser" "^2.0.0"
      "@smithy/util-body-length-node" "^2.1.0"
      "@smithy/util-defaults-mode-browser" "^2.0.6"
      "@smithy/util-defaults-mode-node" "^2.0.6"
      "@smithy/util-retry" "^2.0.0"
      "@smithy/util-utf8" "^2.0.0"
      tslib "^2.5.0"
  
  "@aws-sdk/types@3.408.0", "@aws-sdk/types@^3.222.0":
    version "3.408.0"
    resolved "https://registry.yarnpkg.com/@aws-sdk/types/-/types-3.408.0.tgz#eb10377130f23aef6594eb0e0a14e82dfa2e4d5a"
    integrity sha512-sIsR5224xWQTW7O6h4V0S7DMWs4bK4DCunwOo7Avpq7ZVmH2YyLTs0n4NGL186j8xTosycF1ACQgpM48SLIvaA==
    dependencies:
      "@smithy/types" "^2.2.2"
      tslib "^2.5.0"
  
  "@aws-sdk/util-arn-parser@3.310.0":
    version "3.310.0"
    resolved "https://registry.yarnpkg.com/@aws-sdk/util-arn-parser/-/util-arn-parser-3.310.0.tgz#861ff8810851be52a320ec9e4786f15b5fc74fba"
    integrity sha512-jL8509owp/xB9+Or0pvn3Fe+b94qfklc2yPowZZIFAkFcCSIdkIglz18cPDWnYAcy9JGewpMS1COXKIUhZkJsA==
    dependencies:
      tslib "^2.5.0"
  
  "@aws-sdk/util-endpoints@3.408.0":
    version "3.408.0"
    resolved "https://registry.yarnpkg.com/@aws-sdk/util-endpoints/-/util-endpoints-3.408.0.tgz#397c6d9236434063127301f9c4d2117bdb978621"
    integrity sha512-N1D5cKEkCqf5Q7IF/pI9kfcNrT+/5ctZ6cQo4Ex6xaOcnUzdOZcXdPqaMRZVZRn8enjK2SpoLlRpXGISOugPaw==
    dependencies:
      "@aws-sdk/types" "3.408.0"
      tslib "^2.5.0"
  
  "@aws-sdk/util-locate-window@^3.0.0":
    version "3.310.0"
    resolved "https://registry.yarnpkg.com/@aws-sdk/util-locate-window/-/util-locate-window-3.310.0.tgz#b071baf050301adee89051032bd4139bba32cc40"
    integrity sha512-qo2t/vBTnoXpjKxlsC2e1gBrRm80M3bId27r0BRB2VniSSe7bL1mmzM+/HFtujm0iAxtPM+aLEflLJlJeDPg0w==
    dependencies:
      tslib "^2.5.0"
  
  "@aws-sdk/util-user-agent-browser@3.408.0":
    version "3.408.0"
    resolved "https://registry.yarnpkg.com/@aws-sdk/util-user-agent-browser/-/util-user-agent-browser-3.408.0.tgz#60b9660d4eb8c7ee9b3dc941436f1a025cc62567"
    integrity sha512-wOVjDprG5h6kM8aJZk/tRX/RgxNxr73d6kIsUePlAgil13q62M9lcFMcIXduqtDsa1B6FfVB2wx/pyUuOZri5g==
    dependencies:
      "@aws-sdk/types" "3.408.0"
      "@smithy/types" "^2.2.2"
      bowser "^2.11.0"
      tslib "^2.5.0"
  
  "@aws-sdk/util-user-agent-node@3.408.0":
    version "3.408.0"
    resolved "https://registry.yarnpkg.com/@aws-sdk/util-user-agent-node/-/util-user-agent-node-3.408.0.tgz#2976414ed440d0a338b1ec6373a220ae71c08cab"
    integrity sha512-BzMFV+cIXrtfcfJk3GpXnkANFkzZisvAtD306TMgIscn5FF26K1jD5DU+h5Q5WMq7gx+oXh9kJ3Lu3hi7hahKQ==
    dependencies:
      "@aws-sdk/types" "3.408.0"
      "@smithy/node-config-provider" "^2.0.6"
      "@smithy/types" "^2.2.2"
      tslib "^2.5.0"
  
  "@aws-sdk/util-utf8-browser@^3.0.0":
    version "3.259.0"
    resolved "https://registry.yarnpkg.com/@aws-sdk/util-utf8-browser/-/util-utf8-browser-3.259.0.tgz#3275a6f5eb334f96ca76635b961d3c50259fd9ff"
    integrity sha512-UvFa/vR+e19XookZF8RzFZBrw2EUkQWxiBW0yYQAhvk3C+QVGl0H3ouca8LDBlBfQKXwmW3huo/59H8rwb1wJw==
    dependencies:
      tslib "^2.3.1"
  
  "@aws-sdk/xml-builder@3.310.0":
    version "3.310.0"
    resolved "https://registry.yarnpkg.com/@aws-sdk/xml-builder/-/xml-builder-3.310.0.tgz#f0236f2103b438d16117e0939a6305ad69b7ff76"
    integrity sha512-TqELu4mOuSIKQCqj63fGVs86Yh+vBx5nHRpWKNUNhB2nPTpfbziTs5c1X358be3peVWA4wPxW7Nt53KIg1tnNw==
    dependencies:
      tslib "^2.5.0"
  
  "@smithy/abort-controller@^2.0.6":
    version "2.0.6"
    resolved "https://registry.yarnpkg.com/@smithy/abort-controller/-/abort-controller-2.0.6.tgz#8d17bb447aa33a43e4d57f98f9dc23560158b6b8"
    integrity sha512-4I7g0lyGUlW2onf8mD76IzU37oRWSHsQ5zlW5MjDzgg4I4J9bOK4500Gx6qOuoN7+GulAnGLe1YwyrIluzhakg==
    dependencies:
      "@smithy/types" "^2.3.0"
      tslib "^2.5.0"
  
  "@smithy/chunked-blob-reader-native@^2.0.0":
    version "2.0.0"
    resolved "https://registry.yarnpkg.com/@smithy/chunked-blob-reader-native/-/chunked-blob-reader-native-2.0.0.tgz#f6d0eeeb5481026b68b054f45540d924c194d558"
    integrity sha512-HM8V2Rp1y8+1343tkZUKZllFhEQPNmpNdgFAncbTsxkZ18/gqjk23XXv3qGyXWp412f3o43ZZ1UZHVcHrpRnCQ==
    dependencies:
      "@smithy/util-base64" "^2.0.0"
      tslib "^2.5.0"
  
  "@smithy/chunked-blob-reader@^2.0.0":
    version "2.0.0"
    resolved "https://registry.yarnpkg.com/@smithy/chunked-blob-reader/-/chunked-blob-reader-2.0.0.tgz#c44fe2c780eaf77f9e5381d982ac99a880cce51b"
    integrity sha512-k+J4GHJsMSAIQPChGBrjEmGS+WbPonCXesoqP9fynIqjn7rdOThdH8FAeCmokP9mxTYKQAKoHCLPzNlm6gh7Wg==
    dependencies:
      tslib "^2.5.0"
  
  "@smithy/config-resolver@^2.0.5", "@smithy/config-resolver@^2.0.7":
    version "2.0.7"
    resolved "https://registry.yarnpkg.com/@smithy/config-resolver/-/config-resolver-2.0.7.tgz#bfa7de9b19922a071a2b26766bcb116e4becbc77"
    integrity sha512-J4J1AWiqaApC+3I9U++SuxAQ3BOoM5VoYnpFzCZcb63aLF80Zpc/nq2pFR1OsEIYyg2UYNdcBKKfHABmwo4WgQ==
    dependencies:
      "@smithy/node-config-provider" "^2.0.9"
      "@smithy/types" "^2.3.0"
      "@smithy/util-config-provider" "^2.0.0"
      "@smithy/util-middleware" "^2.0.0"
      tslib "^2.5.0"
  
  "@smithy/credential-provider-imds@^2.0.0", "@smithy/credential-provider-imds@^2.0.9":
    version "2.0.9"
    resolved "https://registry.yarnpkg.com/@smithy/credential-provider-imds/-/credential-provider-imds-2.0.9.tgz#f98a941c0b7211e9320a20d5c064d6489c61f6d8"
    integrity sha512-K7WZRkHS5HZofRgK+O8W4YXXyaVexU1K6hp9vlUL/8CsnrFbZS9quyH/6hTROrYh2PuJr24yii1kc83NJdxMGQ==
    dependencies:
      "@smithy/node-config-provider" "^2.0.9"
      "@smithy/property-provider" "^2.0.7"
      "@smithy/types" "^2.3.0"
      "@smithy/url-parser" "^2.0.6"
      tslib "^2.5.0"
  
  "@smithy/eventstream-codec@^2.0.6":
    version "2.0.6"
    resolved "https://registry.yarnpkg.com/@smithy/eventstream-codec/-/eventstream-codec-2.0.6.tgz#1ea033e977b58a59ff4b00cf7c899d1ca0c7f81a"
    integrity sha512-J9xL82mlYRUMXFnB9VaThXkD7z2JLr52FIVZMoQQ1dxZG5ub+NOGmzaTTZC/cMmKXI/nwCoFuwDWCTjwQhYhQA==
    dependencies:
      "@aws-crypto/crc32" "3.0.0"
      "@smithy/types" "^2.3.0"
      "@smithy/util-hex-encoding" "^2.0.0"
      tslib "^2.5.0"
  
  "@smithy/eventstream-serde-browser@^2.0.5":
    version "2.0.6"
    resolved "https://registry.yarnpkg.com/@smithy/eventstream-serde-browser/-/eventstream-serde-browser-2.0.6.tgz#16ae6c51f61def8945a34d60e814dc4c01cf071f"
    integrity sha512-cNJqAkmArHytV0CjBka3CKnU/J6zNlOZynvo2Txj98a0cxKeug8gL6SQTpoTyGk+M4LicjcrzQtDs06mU8U0Ag==
    dependencies:
      "@smithy/eventstream-serde-universal" "^2.0.6"
      "@smithy/types" "^2.3.0"
      tslib "^2.5.0"
  
  "@smithy/eventstream-serde-config-resolver@^2.0.5":
    version "2.0.6"
    resolved "https://registry.yarnpkg.com/@smithy/eventstream-serde-config-resolver/-/eventstream-serde-config-resolver-2.0.6.tgz#92f9f950607c2eb5db1974fddd5358dc272e463b"
    integrity sha512-jODu0MWaP06kzBMUtSd4Ga3S2DnTp3tfjPgdjaw9K/Z4yI7J9rUB73aNGo6ZxxH/vl/k66b5NZJ/3O1AzZ4ggw==
    dependencies:
      "@smithy/types" "^2.3.0"
      tslib "^2.5.0"
  
  "@smithy/eventstream-serde-node@^2.0.5":
    version "2.0.6"
    resolved "https://registry.yarnpkg.com/@smithy/eventstream-serde-node/-/eventstream-serde-node-2.0.6.tgz#6726e5bc9d08db1a23eed9da98473404887caec4"
    integrity sha512-ua7ok1g16p7OGAVZntn1l3wegN8RtsyPBl9ebqEDeSxdm+iuEfkAS1E/JFs6S6UBfr8Z0tbql5jTT9iVwIFGGA==
    dependencies:
      "@smithy/eventstream-serde-universal" "^2.0.6"
      "@smithy/types" "^2.3.0"
      tslib "^2.5.0"
  
  "@smithy/eventstream-serde-universal@^2.0.6":
    version "2.0.6"
    resolved "https://registry.yarnpkg.com/@smithy/eventstream-serde-universal/-/eventstream-serde-universal-2.0.6.tgz#4b91dadd385269a9512b339e572974d055bf8032"
    integrity sha512-bH1TElelS8tlqll6cJAWKM11Es+pE9htRzjiiFG1+xcyKaM90UFNRX5oKZIrJugZlmP37pvfRwSJ/3ZaaqSBIA==
    dependencies:
      "@smithy/eventstream-codec" "^2.0.6"
      "@smithy/types" "^2.3.0"
      tslib "^2.5.0"
  
  "@smithy/fetch-http-handler@^2.0.5", "@smithy/fetch-http-handler@^2.1.2":
    version "2.1.2"
    resolved "https://registry.yarnpkg.com/@smithy/fetch-http-handler/-/fetch-http-handler-2.1.2.tgz#626a4202cc82f4d04fc80424917dd34e204ab8c7"
    integrity sha512-3Gm3pQm4viUPU+e7KkRScS9t5phBxSNRS8rQSZ+HeCwK/busrX0/2HJZiwLvGblqPqi1laJB0lD18AdiOioJww==
    dependencies:
      "@smithy/protocol-http" "^3.0.2"
      "@smithy/querystring-builder" "^2.0.6"
      "@smithy/types" "^2.3.0"
      "@smithy/util-base64" "^2.0.0"
      tslib "^2.5.0"
  
  "@smithy/hash-blob-browser@^2.0.5":
    version "2.0.6"
    resolved "https://registry.yarnpkg.com/@smithy/hash-blob-browser/-/hash-blob-browser-2.0.6.tgz#266373534b2dc5922cfd153ee881a535e4ef90d6"
    integrity sha512-zmJCRb80WDthCZqQ9LiKeFUEmyPM9WUcd0jYa7tlU3p0LsDnaFKuUS+MT0uJehPGyUEicbi1KBdUmtoqEAQr1A==
    dependencies:
      "@smithy/chunked-blob-reader" "^2.0.0"
      "@smithy/chunked-blob-reader-native" "^2.0.0"
      "@smithy/types" "^2.3.0"
      tslib "^2.5.0"
  
  "@smithy/hash-node@^2.0.5":
    version "2.0.6"
    resolved "https://registry.yarnpkg.com/@smithy/hash-node/-/hash-node-2.0.6.tgz#d13af02d3adb010e0c321035b610d53af2e652ef"
    integrity sha512-xz7fzFxSzxohKGGyKPbLReRrY01JOZgRDHIXSks3PxQxG9c8PJMa5nUw0stH8UOySUgkofmMy0n7vTUsF5Mdqg==
    dependencies:
      "@smithy/types" "^2.3.0"
      "@smithy/util-buffer-from" "^2.0.0"
      "@smithy/util-utf8" "^2.0.0"
      tslib "^2.5.0"
  
  "@smithy/hash-stream-node@^2.0.5":
    version "2.0.6"
    resolved "https://registry.yarnpkg.com/@smithy/hash-stream-node/-/hash-stream-node-2.0.6.tgz#4bf478901f2d8f6819d041a25f68fccac375216e"
    integrity sha512-BWtWJ8Ppc8z+Rz9XBu4Hcl+pC+9BKV5GvbQpXZf4IsQX6oTwqo0qJK7Lwe5mYM0hRnqgwjn2mhQ303fIRN7AMw==
    dependencies:
      "@smithy/types" "^2.3.0"
      "@smithy/util-utf8" "^2.0.0"
      tslib "^2.5.0"
  
  "@smithy/invalid-dependency@^2.0.5":
    version "2.0.6"
    resolved "https://registry.yarnpkg.com/@smithy/invalid-dependency/-/invalid-dependency-2.0.6.tgz#9230517c5a9f5bafee3bf89e9c548801a2681a99"
    integrity sha512-L5MUyl9mzawIvBxr0Hg3J/Q5qZFXKcBgMk0PacfK3Mthp4WAR6h7iMxdSQ23Q7X/kxOrpZuoYEdh1BWLKbDc8Q==
    dependencies:
      "@smithy/types" "^2.3.0"
      tslib "^2.5.0"
  
  "@smithy/is-array-buffer@^2.0.0":
    version "2.0.0"
    resolved "https://registry.yarnpkg.com/@smithy/is-array-buffer/-/is-array-buffer-2.0.0.tgz#8fa9b8040651e7ba0b2f6106e636a91354ff7d34"
    integrity sha512-z3PjFjMyZNI98JFRJi/U0nGoLWMSJlDjAW4QUX2WNZLas5C0CmVV6LJ01JI0k90l7FvpmixjWxPFmENSClQ7ug==
    dependencies:
      tslib "^2.5.0"
  
  "@smithy/md5-js@^2.0.5":
    version "2.0.6"
    resolved "https://registry.yarnpkg.com/@smithy/md5-js/-/md5-js-2.0.6.tgz#93ca3bf5ba501fd5083814a70d485da6288ae0d7"
    integrity sha512-Ek2qSFFICJa2E0RRVsIkQ6c1jeJTESwF24SMh3liKFNbr2Ax4uJiWsLhDBDQFOhJwjp1mbC4lN85isfGS+KhQg==
    dependencies:
      "@smithy/types" "^2.3.0"
      "@smithy/util-utf8" "^2.0.0"
      tslib "^2.5.0"
  
  "@smithy/middleware-content-length@^2.0.5":
    version "2.0.8"
    resolved "https://registry.yarnpkg.com/@smithy/middleware-content-length/-/middleware-content-length-2.0.8.tgz#ee2c6614580fea918bae6411cfbcd48ee4af342b"
    integrity sha512-fHJFsscHXrYhUSWMFJNXfsZW8KsyhWQfBgU3b0nvDfpm+NAeQLqKYNhywGrDwZQc1k+lt7Fw9faAquhNPxTZRA==
    dependencies:
      "@smithy/protocol-http" "^3.0.2"
      "@smithy/types" "^2.3.0"
      tslib "^2.5.0"
  
  "@smithy/middleware-endpoint@^2.0.5":
    version "2.0.6"
    resolved "https://registry.yarnpkg.com/@smithy/middleware-endpoint/-/middleware-endpoint-2.0.6.tgz#b2350fcf63cd69a595b0f42e9718e1ac5144220e"
    integrity sha512-MuSPPtEHFal/M77tR3ffLsdOfX29IZpA990nGuoPj5zQnAYrA4PYBGoqqrASQKm8Xb3C0NwuYzOATT7WX4f5Pg==
    dependencies:
      "@smithy/middleware-serde" "^2.0.6"
      "@smithy/types" "^2.3.0"
      "@smithy/url-parser" "^2.0.6"
      "@smithy/util-middleware" "^2.0.0"
      tslib "^2.5.0"
  
  "@smithy/middleware-retry@^2.0.5":
    version "2.0.9"
    resolved "https://registry.yarnpkg.com/@smithy/middleware-retry/-/middleware-retry-2.0.9.tgz#4a8dc376b516fb10558da5b5be5e759aa3106140"
    integrity sha512-gneEqWj4l/ZjHdZPk0BFMXoTalRArdQ8i579/KqJgBAc6Ux5vnR/SSppkMCkj2kOQYwdypvzSPeqEW3ZrvIg6g==
    dependencies:
      "@smithy/node-config-provider" "^2.0.9"
      "@smithy/protocol-http" "^3.0.2"
      "@smithy/service-error-classification" "^2.0.0"
      "@smithy/types" "^2.3.0"
      "@smithy/util-middleware" "^2.0.0"
      "@smithy/util-retry" "^2.0.0"
      tslib "^2.5.0"
      uuid "^8.3.2"
  
  "@smithy/middleware-serde@^2.0.5", "@smithy/middleware-serde@^2.0.6":
    version "2.0.6"
    resolved "https://registry.yarnpkg.com/@smithy/middleware-serde/-/middleware-serde-2.0.6.tgz#cd2ed49fc22b998f3bbbd28b53a72a26d3dd08fb"
    integrity sha512-8/GODBngYbrS28CMZtaHIL4R9rLNSQ/zgb+N1OAZ02NwBUawlnLDcatve9YRzhJC/IWz0/pt+WimJZaO1sGcig==
    dependencies:
      "@smithy/types" "^2.3.0"
      tslib "^2.5.0"
  
  "@smithy/middleware-stack@^2.0.0":
    version "2.0.0"
    resolved "https://registry.yarnpkg.com/@smithy/middleware-stack/-/middleware-stack-2.0.0.tgz#cd9f442c2788b1ef0ea6b32236d80c76b3c342e9"
    integrity sha512-31XC1xNF65nlbc16yuh3wwTudmqs6qy4EseQUGF8A/p2m/5wdd/cnXJqpniy/XvXVwkHPz/GwV36HqzHtIKATQ==
    dependencies:
      tslib "^2.5.0"
  
  "@smithy/node-config-provider@^2.0.6", "@smithy/node-config-provider@^2.0.9":
    version "2.0.9"
    resolved "https://registry.yarnpkg.com/@smithy/node-config-provider/-/node-config-provider-2.0.9.tgz#f2c3f8354e1260cde8c7ebda898f4531e06a4369"
    integrity sha512-TlSPbCwtT/jgNnmPQqKuCR5CFN8UIrCCHRrgUfs3NqRMuaLLeP8TPe1fSKq2J8h1M/jd4BF853gneles0gWevg==
    dependencies:
      "@smithy/property-provider" "^2.0.7"
      "@smithy/shared-ini-file-loader" "^2.0.8"
      "@smithy/types" "^2.3.0"
      tslib "^2.5.0"
  
  "@smithy/node-http-handler@^2.0.5", "@smithy/node-http-handler@^2.1.2":
    version "2.1.2"
    resolved "https://registry.yarnpkg.com/@smithy/node-http-handler/-/node-http-handler-2.1.2.tgz#704100dded1cb94db3f72fbdf841fc59614c4614"
    integrity sha512-PdEEDCShuM8zxGoaRxmGB/1ikB8oeqz+ZAF9VIA8FCP3E59j8zDTF+wCELoWd1Y6gtxr+RcTAg5sA8nvn5qH/w==
    dependencies:
      "@smithy/abort-controller" "^2.0.6"
      "@smithy/protocol-http" "^3.0.2"
      "@smithy/querystring-builder" "^2.0.6"
      "@smithy/types" "^2.3.0"
      tslib "^2.5.0"
  
  "@smithy/property-provider@^2.0.0", "@smithy/property-provider@^2.0.7":
    version "2.0.7"
    resolved "https://registry.yarnpkg.com/@smithy/property-provider/-/property-provider-2.0.7.tgz#4b7b780477909026d2fdaef29f0ce5c258f89681"
    integrity sha512-XT8Tl7YNxM8tCtGqy7v7DSf6PxyXaPE9cdA/Yj4dEw2b05V3RrPqsP+t5XJiZu0yIsQ7pdeYZWv2sSEWVjNeAg==
    dependencies:
      "@smithy/types" "^2.3.0"
      tslib "^2.5.0"
  
  "@smithy/protocol-http@^2.0.5":
    version "2.0.5"
    resolved "https://registry.yarnpkg.com/@smithy/protocol-http/-/protocol-http-2.0.5.tgz#ff7779fc8fcd3fe52e71fd07565b518f0937e8ba"
    integrity sha512-d2hhHj34mA2V86doiDfrsy2fNTnUOowGaf9hKb0hIPHqvcnShU4/OSc4Uf1FwHkAdYF3cFXTrj5VGUYbEuvMdw==
    dependencies:
      "@smithy/types" "^2.2.2"
      tslib "^2.5.0"
  
  "@smithy/protocol-http@^3.0.2":
    version "3.0.2"
    resolved "https://registry.yarnpkg.com/@smithy/protocol-http/-/protocol-http-3.0.2.tgz#06e76dbac488e95f0b0fc2bc2820aa732aafef14"
    integrity sha512-LUOWCPRihvJBkdSs+ivK9m1f/rMfF3n9Zpzg8qdry2eIG4HQqqLBMWQyF9bgk7JhsrrOa3//jJKhXzvL7wL5Xw==
    dependencies:
      "@smithy/types" "^2.3.0"
      tslib "^2.5.0"
  
  "@smithy/querystring-builder@^2.0.6":
    version "2.0.6"
    resolved "https://registry.yarnpkg.com/@smithy/querystring-builder/-/querystring-builder-2.0.6.tgz#6fd9f86dbfe27e0e71e5569768a2b5d599f44119"
    integrity sha512-HnU00shCGoV8vKJZTiNBkNvR9NogU3NIUaVMAGJPSqNGJj3psWo+TUrC0BVCDcwiCljXwXCFGJqIcsWtClrktQ==
    dependencies:
      "@smithy/types" "^2.3.0"
      "@smithy/util-uri-escape" "^2.0.0"
      tslib "^2.5.0"
  
  "@smithy/querystring-parser@^2.0.6":
    version "2.0.6"
    resolved "https://registry.yarnpkg.com/@smithy/querystring-parser/-/querystring-parser-2.0.6.tgz#0b4fc7ec5fe5371113fcb1116216daf2d7e2c3ff"
    integrity sha512-i4LKoXHP7pTFAPjLIJyQXYOhWokbcFha3WWsX74sAKmuluv0XM2cxONZoFxwEzmWhsNyM6buSwJSZXyPiec0AQ==
    dependencies:
      "@smithy/types" "^2.3.0"
      tslib "^2.5.0"
  
  "@smithy/service-error-classification@^2.0.0":
    version "2.0.0"
    resolved "https://registry.yarnpkg.com/@smithy/service-error-classification/-/service-error-classification-2.0.0.tgz#bbce07c9c529d9333d40db881fd4a1795dd84892"
    integrity sha512-2z5Nafy1O0cTf69wKyNjGW/sNVMiqDnb4jgwfMG8ye8KnFJ5qmJpDccwIbJNhXIfbsxTg9SEec2oe1cexhMJvw==
  
  "@smithy/shared-ini-file-loader@^2.0.6", "@smithy/shared-ini-file-loader@^2.0.8":
    version "2.0.8"
    resolved "https://registry.yarnpkg.com/@smithy/shared-ini-file-loader/-/shared-ini-file-loader-2.0.8.tgz#1346eea02ad574a2520ce72ad0a6629a08691e97"
    integrity sha512-4u+V+Dv7JGpJ0tppB5rxCem7WhdFux950z4cGPhV0kHTPkKe8DDgINzOlVa2RBu5dI33D02OBJcxFjhW4FPORg==
    dependencies:
      "@smithy/types" "^2.3.0"
      tslib "^2.5.0"
  
  "@smithy/signature-v4@^2.0.0":
    version "2.0.6"
    resolved "https://registry.yarnpkg.com/@smithy/signature-v4/-/signature-v4-2.0.6.tgz#bd0ec98149dfc97e91e227411091e371248309ae"
    integrity sha512-4zNTi8w4sky07YKq7oYucZt4ogY00IEaS1NFDXxmCN5V/ywE0WiK+WMim+8wtYQmB0qy3oExZR4LoCAml6j/rA==
    dependencies:
      "@smithy/eventstream-codec" "^2.0.6"
      "@smithy/is-array-buffer" "^2.0.0"
      "@smithy/types" "^2.3.0"
      "@smithy/util-hex-encoding" "^2.0.0"
      "@smithy/util-middleware" "^2.0.0"
      "@smithy/util-uri-escape" "^2.0.0"
      "@smithy/util-utf8" "^2.0.0"
      tslib "^2.5.0"
  
  "@smithy/smithy-client@^2.0.5":
    version "2.1.3"
    resolved "https://registry.yarnpkg.com/@smithy/smithy-client/-/smithy-client-2.1.3.tgz#8e1d37a5d7c9c6e463bc46be02194750a1dc7522"
    integrity sha512-nSMMp2AKqcG/ruzCY01ogrMdbq/WS1cvGStTsw7yd6bTpp/bGtlOgXvy3h7e0zP7w2DH1AtvIwzYBD6ejZePsQ==
    dependencies:
      "@smithy/middleware-stack" "^2.0.0"
      "@smithy/types" "^2.3.0"
      "@smithy/util-stream" "^2.0.9"
      tslib "^2.5.0"
  
  "@smithy/types@^2.2.2", "@smithy/types@^2.3.0":
    version "2.3.0"
    resolved "https://registry.yarnpkg.com/@smithy/types/-/types-2.3.0.tgz#a5c3869465f384fd4d811b2f1f37779e069ef06e"
    integrity sha512-pJce3rd39MElkV57UTPAoSYAApjQLELUxjU5adHNLYk9gnPvyIGbJNJTZVVFu00BrgZH3W/cQe8QuFcknDyodQ==
    dependencies:
      tslib "^2.5.0"
  
  "@smithy/url-parser@^2.0.5", "@smithy/url-parser@^2.0.6":
    version "2.0.6"
    resolved "https://registry.yarnpkg.com/@smithy/url-parser/-/url-parser-2.0.6.tgz#e926d1bcbe4bb0e244ed25ea58bc48ac5ae41436"
    integrity sha512-9i6j5QW6bapHZ4rtkXOAm0hOUG1+5IVdVJXNSUTcNskwJchZH5IQuDNPCbgUi/u2P8EZazKt4wXT51QxOXCz1A==
    dependencies:
      "@smithy/querystring-parser" "^2.0.6"
      "@smithy/types" "^2.3.0"
      tslib "^2.5.0"
  
  "@smithy/util-base64@^2.0.0":
    version "2.0.0"
    resolved "https://registry.yarnpkg.com/@smithy/util-base64/-/util-base64-2.0.0.tgz#1beeabfb155471d1d41c8d0603be1351f883c444"
    integrity sha512-Zb1E4xx+m5Lud8bbeYi5FkcMJMnn+1WUnJF3qD7rAdXpaL7UjkFQLdmW5fHadoKbdHpwH9vSR8EyTJFHJs++tA==
    dependencies:
      "@smithy/util-buffer-from" "^2.0.0"
      tslib "^2.5.0"
  
  "@smithy/util-body-length-browser@^2.0.0":
    version "2.0.0"
    resolved "https://registry.yarnpkg.com/@smithy/util-body-length-browser/-/util-body-length-browser-2.0.0.tgz#5447853003b4c73da3bc5f3c5e82c21d592d1650"
    integrity sha512-JdDuS4ircJt+FDnaQj88TzZY3+njZ6O+D3uakS32f2VNnDo3vyEuNdBOh/oFd8Df1zSZOuH1HEChk2AOYDezZg==
    dependencies:
      tslib "^2.5.0"
  
  "@smithy/util-body-length-node@^2.1.0":
    version "2.1.0"
    resolved "https://registry.yarnpkg.com/@smithy/util-body-length-node/-/util-body-length-node-2.1.0.tgz#313a5f7c5017947baf5fa018bfc22628904bbcfa"
    integrity sha512-/li0/kj/y3fQ3vyzn36NTLGmUwAICb7Jbe/CsWCktW363gh1MOcpEcSO3mJ344Gv2dqz8YJCLQpb6hju/0qOWw==
    dependencies:
      tslib "^2.5.0"
  
  "@smithy/util-buffer-from@^2.0.0":
    version "2.0.0"
    resolved "https://registry.yarnpkg.com/@smithy/util-buffer-from/-/util-buffer-from-2.0.0.tgz#7eb75d72288b6b3001bc5f75b48b711513091deb"
    integrity sha512-/YNnLoHsR+4W4Vf2wL5lGv0ksg8Bmk3GEGxn2vEQt52AQaPSCuaO5PM5VM7lP1K9qHRKHwrPGktqVoAHKWHxzw==
    dependencies:
      "@smithy/is-array-buffer" "^2.0.0"
      tslib "^2.5.0"
  
  "@smithy/util-config-provider@^2.0.0":
    version "2.0.0"
    resolved "https://registry.yarnpkg.com/@smithy/util-config-provider/-/util-config-provider-2.0.0.tgz#4dd6a793605559d94267312fd06d0f58784b4c38"
    integrity sha512-xCQ6UapcIWKxXHEU4Mcs2s7LcFQRiU3XEluM2WcCjjBtQkUN71Tb+ydGmJFPxMUrW/GWMgQEEGipLym4XG0jZg==
    dependencies:
      tslib "^2.5.0"
  
  "@smithy/util-defaults-mode-browser@^2.0.6":
    version "2.0.7"
    resolved "https://registry.yarnpkg.com/@smithy/util-defaults-mode-browser/-/util-defaults-mode-browser-2.0.7.tgz#322822e064450ec59e3ae288f3f2eed0a5acbfb1"
    integrity sha512-s1caKxC7Y87Q72Goll//clZs2WNBfG9WtFDWVRS+Qgk147YPCOUYtkpuD0XZAh/vbayObFz5tQ1fiX4G19HSCA==
    dependencies:
      "@smithy/property-provider" "^2.0.7"
      "@smithy/types" "^2.3.0"
      bowser "^2.11.0"
      tslib "^2.5.0"
  
  "@smithy/util-defaults-mode-node@^2.0.6":
    version "2.0.9"
    resolved "https://registry.yarnpkg.com/@smithy/util-defaults-mode-node/-/util-defaults-mode-node-2.0.9.tgz#0d3acadbbb54c0c401089fc22576aafd52d130e9"
    integrity sha512-HlV4iNL3/PgPpmDGs0+XrAKtwFQ8rOs5P2y5Dye8dUYaJauadlzHRrNKk7wH2aBYswvT2HM+PIgXamvrE7xbcw==
    dependencies:
      "@smithy/config-resolver" "^2.0.7"
      "@smithy/credential-provider-imds" "^2.0.9"
      "@smithy/node-config-provider" "^2.0.9"
      "@smithy/property-provider" "^2.0.7"
      "@smithy/types" "^2.3.0"
      tslib "^2.5.0"
  
  "@smithy/util-hex-encoding@^2.0.0":
    version "2.0.0"
    resolved "https://registry.yarnpkg.com/@smithy/util-hex-encoding/-/util-hex-encoding-2.0.0.tgz#0aa3515acd2b005c6d55675e377080a7c513b59e"
    integrity sha512-c5xY+NUnFqG6d7HFh1IFfrm3mGl29lC+vF+geHv4ToiuJCBmIfzx6IeHLg+OgRdPFKDXIw6pvi+p3CsscaMcMA==
    dependencies:
      tslib "^2.5.0"
  
  "@smithy/util-middleware@^2.0.0":
    version "2.0.0"
    resolved "https://registry.yarnpkg.com/@smithy/util-middleware/-/util-middleware-2.0.0.tgz#706681d4a1686544a2275f68266304233f372c99"
    integrity sha512-eCWX4ECuDHn1wuyyDdGdUWnT4OGyIzV0LN1xRttBFMPI9Ff/4heSHVxneyiMtOB//zpXWCha1/SWHJOZstG7kA==
    dependencies:
      tslib "^2.5.0"
  
  "@smithy/util-retry@^2.0.0":
    version "2.0.0"
    resolved "https://registry.yarnpkg.com/@smithy/util-retry/-/util-retry-2.0.0.tgz#7ac5d5f12383a9d9b2a43f9ff25f3866c8727c24"
    integrity sha512-/dvJ8afrElasuiiIttRJeoS2sy8YXpksQwiM/TcepqdRVp7u4ejd9C4IQURHNjlfPUT7Y6lCDSa2zQJbdHhVTg==
    dependencies:
      "@smithy/service-error-classification" "^2.0.0"
      tslib "^2.5.0"
  
  "@smithy/util-stream@^2.0.5", "@smithy/util-stream@^2.0.9":
    version "2.0.9"
    resolved "https://registry.yarnpkg.com/@smithy/util-stream/-/util-stream-2.0.9.tgz#50ff280b754a1d11e2b16ffe9fc87f6736a9c0b7"
    integrity sha512-Fn2/3IMwqu0l2hOC7K3bbtSqFEJ6nOzMLoPVIhuH84yw/95itNkFBwVbIIiAfDaout0ZfZ26+5ch86E2q3avww==
    dependencies:
      "@smithy/fetch-http-handler" "^2.1.2"
      "@smithy/node-http-handler" "^2.1.2"
      "@smithy/types" "^2.3.0"
      "@smithy/util-base64" "^2.0.0"
      "@smithy/util-buffer-from" "^2.0.0"
      "@smithy/util-hex-encoding" "^2.0.0"
      "@smithy/util-utf8" "^2.0.0"
      tslib "^2.5.0"
  
  "@smithy/util-uri-escape@^2.0.0":
    version "2.0.0"
    resolved "https://registry.yarnpkg.com/@smithy/util-uri-escape/-/util-uri-escape-2.0.0.tgz#19955b1a0f517a87ae77ac729e0e411963dfda95"
    integrity sha512-ebkxsqinSdEooQduuk9CbKcI+wheijxEb3utGXkCoYQkJnwTnLbH1JXGimJtUkQwNQbsbuYwG2+aFVyZf5TLaw==
    dependencies:
      tslib "^2.5.0"
  
  "@smithy/util-utf8@^2.0.0":
    version "2.0.0"
    resolved "https://registry.yarnpkg.com/@smithy/util-utf8/-/util-utf8-2.0.0.tgz#b4da87566ea7757435e153799df9da717262ad42"
    integrity sha512-rctU1VkziY84n5OXe3bPNpKR001ZCME2JCaBBFgtiM2hfKbHFudc/BkMuPab8hRbLd0j3vbnBTTZ1igBf0wgiQ==
    dependencies:
      "@smithy/util-buffer-from" "^2.0.0"
      tslib "^2.5.0"
  
  "@smithy/util-waiter@^2.0.5":
    version "2.0.6"
    resolved "https://registry.yarnpkg.com/@smithy/util-waiter/-/util-waiter-2.0.6.tgz#9320c397733cfd9ec9a679f4b52d1033b6dca385"
    integrity sha512-wjxvKB4XSfgpOg3lr4RulnVhd21fMMC4CPARBwrSN7+3U28fwOifv8f7T+Ibay9DAQTj9qXxmd8ag6WXBRgNhg==
    dependencies:
      "@smithy/abort-controller" "^2.0.6"
      "@smithy/types" "^2.3.0"
      tslib "^2.5.0"
  
  "@types/node@*":
    version "20.5.6"
    resolved "https://registry.yarnpkg.com/@types/node/-/node-20.5.6.tgz#5e9aaa86be03a09decafd61b128d6cec64a5fe40"
    integrity sha512-Gi5wRGPbbyOTX+4Y2iULQ27oUPrefaB0PxGQJnfyWN3kvEDGM3mIB5M/gQLmitZf7A9FmLeaqxD3L1CXpm3VKQ==
  
  "@types/webidl-conversions@*":
    version "7.0.0"
    resolved "https://registry.yarnpkg.com/@types/webidl-conversions/-/webidl-conversions-7.0.0.tgz#2b8e60e33906459219aa587e9d1a612ae994cfe7"
    integrity sha512-xTE1E+YF4aWPJJeUzaZI5DRntlkY3+BCVJi0axFptnjGmAoWxkyREIh/XMrfxVLejwQxMCfDXdICo0VLxThrog==
  
  "@types/whatwg-url@^8.2.1":
    version "8.2.2"
    resolved "https://registry.yarnpkg.com/@types/whatwg-url/-/whatwg-url-8.2.2.tgz#749d5b3873e845897ada99be4448041d4cc39e63"
    integrity sha512-FtQu10RWgn3D9U4aazdwIE2yzphmTJREDqNdODHrbrZmmMqI0vMheC/6NE/J1Yveaj8H+ela+YwWTjq5PGmuhA==
    dependencies:
      "@types/node" "*"
      "@types/webidl-conversions" "*"
  
  accepts@~1.3.8:
    version "1.3.8"
    resolved "https://registry.yarnpkg.com/accepts/-/accepts-1.3.8.tgz#0bf0be125b67014adcb0b0921e62db7bffe16b2e"
    integrity sha512-PYAthTa2m2VKxuvSD3DPC/Gy+U+sOA1LAuT8mkmRuvw+NACSaeXEQ+NHcVF7rONl6qcaxV3Uuemwawk+7+SJLw==
    dependencies:
      mime-types "~2.1.34"
      negotiator "0.6.3"
  
  append-field@^1.0.0:
    version "1.0.0"
    resolved "https://registry.yarnpkg.com/append-field/-/append-field-1.0.0.tgz#1e3440e915f0b1203d23748e78edd7b9b5b43e56"
    integrity sha512-klpgFSWLW1ZEs8svjfb7g4qWY0YS5imI82dTg+QahUvJ8YqAY0P10Uk8tTyh9ZGuYEZEMaeJYCF5BFuX552hsw==
  
  array-flatten@1.1.1:
    version "1.1.1"
    resolved "https://registry.yarnpkg.com/array-flatten/-/array-flatten-1.1.1.tgz#9a5f699051b1e7073328f2a008968b64ea2955d2"
    integrity sha512-PCVAQswWemu6UdxsDFFX/+gVeYqKAod3D3UVm91jHwynguOwAvYPhx8nNlM++NqRcK6CxxpUafjmhIdKiHibqg==
  
  bcryptjs@^2.4.3:
    version "2.4.3"
    resolved "https://registry.yarnpkg.com/bcryptjs/-/bcryptjs-2.4.3.tgz#9ab5627b93e60621ff7cdac5da9733027df1d0cb"
    integrity sha512-V/Hy/X9Vt7f3BbPJEi8BdVFMByHi+jNXrYkW3huaybV/kQ0KJg0Y6PkEMbn+zeT+i+SiKZ/HMqJGIIt4LZDqNQ==
  
  body-parser@1.20.1:
    version "1.20.1"
    resolved "https://registry.yarnpkg.com/body-parser/-/body-parser-1.20.1.tgz#b1812a8912c195cd371a3ee5e66faa2338a5c668"
    integrity sha512-jWi7abTbYwajOytWCQc37VulmWiRae5RyTpaCyDcS5/lMdtwSz5lOpDE67srw/HYe35f1z3fDQw+3txg7gNtWw==
    dependencies:
      bytes "3.1.2"
      content-type "~1.0.4"
      debug "2.6.9"
      depd "2.0.0"
      destroy "1.2.0"
      http-errors "2.0.0"
      iconv-lite "0.4.24"
      on-finished "2.4.1"
      qs "6.11.0"
      raw-body "2.5.1"
      type-is "~1.6.18"
      unpipe "1.0.0"
  
  bowser@^2.11.0:
    version "2.11.0"
    resolved "https://registry.yarnpkg.com/bowser/-/bowser-2.11.0.tgz#5ca3c35757a7aa5771500c70a73a9f91ef420a8f"
    integrity sha512-AlcaJBi/pqqJBIQ8U9Mcpc9i8Aqxn88Skv5d+xBX006BY5u8N3mGLHa5Lgppa7L/HfwgwLgZ6NYs+Ag6uUmJRA==
  
  bson@^5.4.0:
    version "5.4.0"
    resolved "https://registry.yarnpkg.com/bson/-/bson-5.4.0.tgz#0eea77276d490953ad8616b483298dbff07384c6"
    integrity sha512-WRZ5SQI5GfUuKnPTNmAYPiKIof3ORXAF4IRU5UcgmivNIon01rWQlw5RUH954dpu8yGL8T59YShVddIPaU/gFA==
  
  buffer-equal-constant-time@1.0.1:
    version "1.0.1"
    resolved "https://registry.yarnpkg.com/buffer-equal-constant-time/-/buffer-equal-constant-time-1.0.1.tgz#f8e71132f7ffe6e01a5c9697a4c6f3e48d5cc819"
    integrity sha512-zRpUiDwd/xk6ADqPMATG8vc9VPrkck7T07OIx0gnjmJAnHnTVXNQG3vfvWNuiZIkwu9KrKdA1iJKfsfTVxE6NA==
  
  buffer-from@^1.0.0:
    version "1.1.2"
    resolved "https://registry.yarnpkg.com/buffer-from/-/buffer-from-1.1.2.tgz#2b146a6fd72e80b4f55d255f35ed59a3a9a41bd5"
    integrity sha512-E+XQCRwSbaaiChtv6k6Dwgc+bx+Bs6vuKJHHl5kox/BaKbhiXzqQOwK4cO22yElGp2OCmjwVhT3HmxgyPGnJfQ==
  
  busboy@^1.0.0:
    version "1.6.0"
    resolved "https://registry.yarnpkg.com/busboy/-/busboy-1.6.0.tgz#966ea36a9502e43cdb9146962523b92f531f6893"
    integrity sha512-8SFQbg/0hQ9xy3UNTB0YEnsNBbWfhf7RtnzpL7TkBiTBRfrQ9Fxcnz7VJsleJpyp6rVLvXiuORqjlHi5q+PYuA==
    dependencies:
      streamsearch "^1.1.0"
  
  bytes@3.1.2:
    version "3.1.2"
    resolved "https://registry.yarnpkg.com/bytes/-/bytes-3.1.2.tgz#8b0beeb98605adf1b128fa4386403c009e0221a5"
    integrity sha512-/Nf7TyzTx6S3yRJObOAV7956r8cr2+Oj8AC5dt8wSP3BQAoeX58NoHyCU8P8zGkNXStjTSi6fzO6F0pBdcYbEg==
  
  call-bind@^1.0.0:
    version "1.0.2"
    resolved "https://registry.yarnpkg.com/call-bind/-/call-bind-1.0.2.tgz#b1d4e89e688119c3c9a903ad30abb2f6a919be3c"
    integrity sha512-7O+FbCihrB5WGbFYesctwmTKae6rOiIzmz1icreWJ+0aA7LJfuqhEso2T9ncpcFtzMQtzXf2QGGueWJGTYsqrA==
    dependencies:
      function-bind "^1.1.1"
      get-intrinsic "^1.0.2"
  
  concat-stream@^1.5.2:
    version "1.6.2"
    resolved "https://registry.yarnpkg.com/concat-stream/-/concat-stream-1.6.2.tgz#904bdf194cd3122fc675c77fc4ac3d4ff0fd1a34"
    integrity sha512-27HBghJxjiZtIk3Ycvn/4kbJk/1uZuJFfuPEns6LaEvpvG1f0hTea8lilrouyo9mVc2GWdcEZ8OLoGmSADlrCw==
    dependencies:
      buffer-from "^1.0.0"
      inherits "^2.0.3"
      readable-stream "^2.2.2"
      typedarray "^0.0.6"
  
  content-disposition@0.5.4:
    version "0.5.4"
    resolved "https://registry.yarnpkg.com/content-disposition/-/content-disposition-0.5.4.tgz#8b82b4efac82512a02bb0b1dcec9d2c5e8eb5bfe"
    integrity sha512-FveZTNuGw04cxlAiWbzi6zTAL/lhehaWbTtgluJh4/E95DqMwTmha3KZN1aAWA8cFIhHzMZUvLevkw5Rqk+tSQ==
    dependencies:
      safe-buffer "5.2.1"
  
  content-type@~1.0.4:
    version "1.0.5"
    resolved "https://registry.yarnpkg.com/content-type/-/content-type-1.0.5.tgz#8b773162656d1d1086784c8f23a54ce6d73d7918"
    integrity sha512-nTjqfcBFEipKdXCv4YDQWCfmcLZKm81ldF0pAopTvyrFGVbcR6P/VAAd5G7N+0tTr8QqiU0tFadD6FK4NtJwOA==
  
  cookie-parser@^1.4.6:
    version "1.4.6"
    resolved "https://registry.yarnpkg.com/cookie-parser/-/cookie-parser-1.4.6.tgz#3ac3a7d35a7a03bbc7e365073a26074824214594"
    integrity sha512-z3IzaNjdwUC2olLIB5/ITd0/setiaFMLYiZJle7xg5Fe9KWAceil7xszYfHHBtDFYLSgJduS2Ty0P1uJdPDJeA==
    dependencies:
      cookie "0.4.1"
      cookie-signature "1.0.6"
  
  cookie-signature@1.0.6:
    version "1.0.6"
    resolved "https://registry.yarnpkg.com/cookie-signature/-/cookie-signature-1.0.6.tgz#e303a882b342cc3ee8ca513a79999734dab3ae2c"
    integrity sha512-QADzlaHc8icV8I7vbaJXJwod9HWYp8uCqf1xa4OfNu1T7JVxQIrUgOWtHdNDtPiywmFbiS12VjotIXLrKM3orQ==
  
  cookie@0.4.1:
    version "0.4.1"
    resolved "https://registry.yarnpkg.com/cookie/-/cookie-0.4.1.tgz#afd713fe26ebd21ba95ceb61f9a8116e50a537d1"
    integrity sha512-ZwrFkGJxUR3EIoXtO+yVE69Eb7KlixbaeAWfBQB9vVsNn/o+Yw69gBWSSDK825hQNdN+wF8zELf3dFNl/kxkUA==
  
  cookie@0.5.0:
    version "0.5.0"
    resolved "https://registry.yarnpkg.com/cookie/-/cookie-0.5.0.tgz#d1f5d71adec6558c58f389987c366aa47e994f8b"
    integrity sha512-YZ3GUyn/o8gfKJlnlX7g7xq4gyO6OSuhGPKaaGssGB2qgDUS0gPgtTvoyZLTt9Ab6dC4hfc9dV5arkvc/OCmrw==
  
  core-util-is@~1.0.0:
    version "1.0.3"
    resolved "https://registry.yarnpkg.com/core-util-is/-/core-util-is-1.0.3.tgz#a6042d3634c2b27e9328f837b965fac83808db85"
    integrity sha512-ZQBvi1DcpJ4GDqanjucZ2Hj3wEO5pZDS89BWbkcrvdxksJorwUDDZamX9ldFkp9aw2lmBDLgkObEA4DWNJ9FYQ==
  
  cors@^2.8.5:
    version "2.8.5"
    resolved "https://registry.yarnpkg.com/cors/-/cors-2.8.5.tgz#eac11da51592dd86b9f06f6e7ac293b3df875d29"
    integrity sha512-KIHbLJqu73RGr/hnbrO9uBeixNGuvSQjul/jdFvS/KFSIH1hWVd1ng7zOHx+YrEfInLG7q4n6GHQ9cDtxv/P6g==
    dependencies:
      object-assign "^4"
      vary "^1"
  
  debug@2.6.9:
    version "2.6.9"
    resolved "https://registry.yarnpkg.com/debug/-/debug-2.6.9.tgz#5d128515df134ff327e90a4c93f4e077a536341f"
    integrity sha512-bC7ElrdJaJnPbAP+1EotYvqZsb3ecl5wi6Bfi6BJTUcNowp6cvspg0jXznRTKDjm/E7AdgFBVeAPVMNcKGsHMA==
    dependencies:
      ms "2.0.0"
  
  debug@4.x:
    version "4.3.4"
    resolved "https://registry.yarnpkg.com/debug/-/debug-4.3.4.tgz#1319f6579357f2338d3337d2cdd4914bb5dcc865"
    integrity sha512-PRWFHuSU3eDtQJPvnNY7Jcket1j0t5OuOsFzPPzsekD52Zl8qUfFIPEiswXqIvHWGVHOgX+7G/vCNNhehwxfkQ==
    dependencies:
      ms "2.1.2"
  
  depd@2.0.0:
    version "2.0.0"
    resolved "https://registry.yarnpkg.com/depd/-/depd-2.0.0.tgz#b696163cc757560d09cf22cc8fad1571b79e76df"
    integrity sha512-g7nH6P6dyDioJogAAGprGpCtVImJhpPk/roCzdb3fIh61/s/nPsfR6onyMwkCAR/OlC3yBC0lESvUoQEAssIrw==
  
  destroy@1.2.0:
    version "1.2.0"
    resolved "https://registry.yarnpkg.com/destroy/-/destroy-1.2.0.tgz#4803735509ad8be552934c67df614f94e66fa015"
    integrity sha512-2sJGJTaXIIaR1w4iJSNoN0hnMY7Gpc/n8D4qSCJw8QqFWXf7cuAgnEHxBpweaVcPevC2l3KpjYCx3NypQQgaJg==
  
  dotenv@^16.3.1:
    version "16.3.1"
    resolved "https://registry.yarnpkg.com/dotenv/-/dotenv-16.3.1.tgz#369034de7d7e5b120972693352a3bf112172cc3e"
    integrity sha512-IPzF4w4/Rd94bA9imS68tZBaYyBWSCE47V1RGuMrB94iyTOIEwRmVL2x/4An+6mETpLrKJ5hQkB8W4kFAadeIQ==
  
  ecdsa-sig-formatter@1.0.11:
    version "1.0.11"
    resolved "https://registry.yarnpkg.com/ecdsa-sig-formatter/-/ecdsa-sig-formatter-1.0.11.tgz#ae0f0fa2d85045ef14a817daa3ce9acd0489e5bf"
    integrity sha512-nagl3RYrbNv6kQkeJIpt6NJZy8twLB/2vtz6yN9Z4vRKHN4/QZJIEbqohALSgwKdnksuY3k5Addp5lg8sVoVcQ==
    dependencies:
      safe-buffer "^5.0.1"
  
  ee-first@1.1.1:
    version "1.1.1"
    resolved "https://registry.yarnpkg.com/ee-first/-/ee-first-1.1.1.tgz#590c61156b0ae2f4f0255732a158b266bc56b21d"
    integrity sha512-WMwm9LhRUo+WUaRN+vRuETqG89IgZphVSNkdFgeb6sS/E4OrDIN7t48CAewSHXc6C8lefD8KKfr5vY61brQlow==
  
  encodeurl@~1.0.2:
    version "1.0.2"
    resolved "https://registry.yarnpkg.com/encodeurl/-/encodeurl-1.0.2.tgz#ad3ff4c86ec2d029322f5a02c3a9a606c95b3f59"
    integrity sha512-TPJXq8JqFaVYm2CWmPvnP2Iyo4ZSM7/QKcSmuMLDObfpH5fi7RUGmd/rTDf+rut/saiDiQEeVTNgAmJEdAOx0w==
  
  escape-html@~1.0.3:
    version "1.0.3"
    resolved "https://registry.yarnpkg.com/escape-html/-/escape-html-1.0.3.tgz#0258eae4d3d0c0974de1c169188ef0051d1d1988"
    integrity sha512-NiSupZ4OeuGwr68lGIeym/ksIZMJodUGOSCZ/FSnTxcrekbvqrgdUxlJOMpijaKZVjAJrWrGs/6Jy8OMuyj9ow==
  
  etag@~1.8.1:
    version "1.8.1"
    resolved "https://registry.yarnpkg.com/etag/-/etag-1.8.1.tgz#41ae2eeb65efa62268aebfea83ac7d79299b0887"
    integrity sha512-aIL5Fx7mawVa300al2BnEE4iNvo1qETxLrPI/o05L7z6go7fCw1J6EQmbK4FmJ2AS7kgVF/KEZWufBfdClMcPg==
  
  express@^4.18.2:
    version "4.18.2"
    resolved "https://registry.yarnpkg.com/express/-/express-4.18.2.tgz#3fabe08296e930c796c19e3c516979386ba9fd59"
    integrity sha512-5/PsL6iGPdfQ/lKM1UuielYgv3BUoJfz1aUwU9vHZ+J7gyvwdQXFEBIEIaxeGf0GIcreATNyBExtalisDbuMqQ==
    dependencies:
      accepts "~1.3.8"
      array-flatten "1.1.1"
      body-parser "1.20.1"
      content-disposition "0.5.4"
      content-type "~1.0.4"
      cookie "0.5.0"
      cookie-signature "1.0.6"
      debug "2.6.9"
      depd "2.0.0"
      encodeurl "~1.0.2"
      escape-html "~1.0.3"
      etag "~1.8.1"
      finalhandler "1.2.0"
      fresh "0.5.2"
      http-errors "2.0.0"
      merge-descriptors "1.0.1"
      methods "~1.1.2"
      on-finished "2.4.1"
      parseurl "~1.3.3"
      path-to-regexp "0.1.7"
      proxy-addr "~2.0.7"
      qs "6.11.0"
      range-parser "~1.2.1"
      safe-buffer "5.2.1"
      send "0.18.0"
      serve-static "1.15.0"
      setprototypeof "1.2.0"
      statuses "2.0.1"
      type-is "~1.6.18"
      utils-merge "1.0.1"
      vary "~1.1.2"
  
  fast-xml-parser@4.2.5:
    version "4.2.5"
    resolved "https://registry.yarnpkg.com/fast-xml-parser/-/fast-xml-parser-4.2.5.tgz#a6747a09296a6cb34f2ae634019bf1738f3b421f"
    integrity sha512-B9/wizE4WngqQftFPmdaMYlXoJlJOYxGQOanC77fq9k8+Z0v5dDSVh+3glErdIROP//s/jgb7ZuxKfB8nVyo0g==
    dependencies:
      strnum "^1.0.5"
  
  finalhandler@1.2.0:
    version "1.2.0"
    resolved "https://registry.yarnpkg.com/finalhandler/-/finalhandler-1.2.0.tgz#7d23fe5731b207b4640e4fcd00aec1f9207a7b32"
    integrity sha512-5uXcUVftlQMFnWC9qu/svkWv3GTd2PfUhK/3PLkYNAe7FbqJMt3515HaxE6eRL74GdsriiwujiawdaB1BpEISg==
    dependencies:
      debug "2.6.9"
      encodeurl "~1.0.2"
      escape-html "~1.0.3"
      on-finished "2.4.1"
      parseurl "~1.3.3"
      statuses "2.0.1"
      unpipe "~1.0.0"
  
  follow-redirects@^1.15.0:
    version "1.15.2"
    resolved "https://registry.yarnpkg.com/follow-redirects/-/follow-redirects-1.15.2.tgz#b460864144ba63f2681096f274c4e57026da2c13"
    integrity sha512-VQLG33o04KaQ8uYi2tVNbdrWp1QWxNNea+nmIB4EVM28v0hmP17z7aG1+wAkNzVq4KeXTq3221ye5qTJP91JwA==
  
  forwarded@0.2.0:
    version "0.2.0"
    resolved "https://registry.yarnpkg.com/forwarded/-/forwarded-0.2.0.tgz#2269936428aad4c15c7ebe9779a84bf0b2a81811"
    integrity sha512-buRG0fpBtRHSTCOASe6hD258tEubFoRLb4ZNA6NxMVHNw2gOcwHo9wyablzMzOA5z9xA9L1KNjk/Nt6MT9aYow==
  
  fresh@0.5.2:
    version "0.5.2"
    resolved "https://registry.yarnpkg.com/fresh/-/fresh-0.5.2.tgz#3d8cadd90d976569fa835ab1f8e4b23a105605a7"
    integrity sha512-zJ2mQYM18rEFOudeV4GShTGIQ7RbzA7ozbU9I/XBpm7kqgMywgmylMwXHxZJmkVoYkna9d2pVXVXPdYTP9ej8Q==
  
  function-bind@^1.1.1:
    version "1.1.1"
    resolved "https://registry.yarnpkg.com/function-bind/-/function-bind-1.1.1.tgz#a56899d3ea3c9bab874bb9773b7c5ede92f4895d"
    integrity sha512-yIovAzMX49sF8Yl58fSCWJ5svSLuaibPxXQJFLmBObTuCr0Mf1KiPopGM9NiFjiYBCbfaa2Fh6breQ6ANVTI0A==
  
  get-intrinsic@^1.0.2:
    version "1.2.1"
    resolved "https://registry.yarnpkg.com/get-intrinsic/-/get-intrinsic-1.2.1.tgz#d295644fed4505fc9cde952c37ee12b477a83d82"
    integrity sha512-2DcsyfABl+gVHEfCOaTrWgyt+tb6MSEGmKq+kI5HwLbIYgjgmMcV8KQ41uaKz1xxUcn9tJtgFbQUEVcEbd0FYw==
    dependencies:
      function-bind "^1.1.1"
      has "^1.0.3"
      has-proto "^1.0.1"
      has-symbols "^1.0.3"
  
  has-proto@^1.0.1:
    version "1.0.1"
    resolved "https://registry.yarnpkg.com/has-proto/-/has-proto-1.0.1.tgz#1885c1305538958aff469fef37937c22795408e0"
    integrity sha512-7qE+iP+O+bgF9clE5+UoBFzE65mlBiVj3tKCrlNQ0Ogwm0BjpT/gK4SlLYDMybDh5I3TCTKnPPa0oMG7JDYrhg==
  
  has-symbols@^1.0.3:
    version "1.0.3"
    resolved "https://registry.yarnpkg.com/has-symbols/-/has-symbols-1.0.3.tgz#bb7b2c4349251dce87b125f7bdf874aa7c8b39f8"
    integrity sha512-l3LCuF6MgDNwTDKkdYGEihYjt5pRPbEg46rtlmnSPlUbgmB8LOIrKJbYYFBSbnPaJexMKtiPO8hmeRjRz2Td+A==
  
  has@^1.0.3:
    version "1.0.3"
    resolved "https://registry.yarnpkg.com/has/-/has-1.0.3.tgz#722d7cbfc1f6aa8241f16dd814e011e1f41e8796"
    integrity sha512-f2dvO0VU6Oej7RkWJGrehjbzMAjFp5/VKPp5tTpWIV4JHHZK1/BxbFRtf/siA2SWTe09caDmVtYYzWEIbBS4zw==
    dependencies:
      function-bind "^1.1.1"
  
  http-errors@2.0.0:
    version "2.0.0"
    resolved "https://registry.yarnpkg.com/http-errors/-/http-errors-2.0.0.tgz#b7774a1486ef73cf7667ac9ae0858c012c57b9d3"
    integrity sha512-FtwrG/euBzaEjYeRqOgly7G0qviiXoJWnvEH2Z1plBdXgbyjv34pHTSb9zoeHMyDy33+DWy5Wt9Wo+TURtOYSQ==
    dependencies:
      depd "2.0.0"
      inherits "2.0.4"
      setprototypeof "1.2.0"
      statuses "2.0.1"
      toidentifier "1.0.1"
  
  iconv-lite@0.4.24:
    version "0.4.24"
    resolved "https://registry.yarnpkg.com/iconv-lite/-/iconv-lite-0.4.24.tgz#2022b4b25fbddc21d2f524974a474aafe733908b"
    integrity sha512-v3MXnZAcvnywkTUEZomIActle7RXXeedOR31wwl7VlyoXO4Qi9arvSenNQWne1TcRwhCL1HwLI21bEqdpj8/rA==
    dependencies:
      safer-buffer ">= 2.1.2 < 3"
  
  image-downloader@^4.3.0:
    version "4.3.0"
    resolved "https://registry.yarnpkg.com/image-downloader/-/image-downloader-4.3.0.tgz#1bc6012d4c1eeeae82b7cabada13c5d0359045f4"
    integrity sha512-UBioN0E+8zu8N0lLC6wkZmPA/MA1A3yx9B1whjy5O/YiOV9XrSxLLKi7JqLLj6knQ3n9N1OBoHFS7shp8sehBQ==
    dependencies:
      follow-redirects "^1.15.0"
  
  inherits@2.0.4, inherits@^2.0.3, inherits@~2.0.3:
    version "2.0.4"
    resolved "https://registry.yarnpkg.com/inherits/-/inherits-2.0.4.tgz#0fa2c64f932917c3433a0ded55363aae37416b7c"
    integrity sha512-k/vGaX4/Yla3WzyMCvTQOXYeIHvqOKtnqBduzTHpzpQZzAskKMhZ2K+EnBiSM9zGSoIFeMpXKxa4dYeZIQqewQ==
  
  ip@^2.0.0:
    version "2.0.0"
    resolved "https://registry.yarnpkg.com/ip/-/ip-2.0.0.tgz#4cf4ab182fee2314c75ede1276f8c80b479936da"
    integrity sha512-WKa+XuLG1A1R0UWhl2+1XQSi+fZWMsYKffMZTTYsiZaUD8k2yDAj5atimTUD2TZkyCkNEeYE5NhFZmupOGtjYQ==
  
  ipaddr.js@1.9.1:
    version "1.9.1"
    resolved "https://registry.yarnpkg.com/ipaddr.js/-/ipaddr.js-1.9.1.tgz#bff38543eeb8984825079ff3a2a8e6cbd46781b3"
    integrity sha512-0KI/607xoxSToH7GjN1FfSbLoU0+btTicjsQSWQlh/hZykN8KpmMf7uYwPW3R+akZ6R/w18ZlXSHBYXiYUPO3g==
  
  isarray@~1.0.0:
    version "1.0.0"
    resolved "https://registry.yarnpkg.com/isarray/-/isarray-1.0.0.tgz#bb935d48582cba168c06834957a54a3e07124f11"
    integrity sha512-VLghIWNM6ELQzo7zwmcg0NmTVyWKYjvIeM83yjp0wRDTmUnrM678fQbcKBo6n2CJEF0szoG//ytg+TKla89ALQ==
  
  jsonwebtoken@^9.0.1:
    version "9.0.1"
    resolved "https://registry.yarnpkg.com/jsonwebtoken/-/jsonwebtoken-9.0.1.tgz#81d8c901c112c24e497a55daf6b2be1225b40145"
    integrity sha512-K8wx7eJ5TPvEjuiVSkv167EVboBDv9PZdDoF7BgeQnBLVvZWW9clr2PsQHVJDTKaEIH5JBIwHujGcHp7GgI2eg==
    dependencies:
      jws "^3.2.2"
      lodash "^4.17.21"
      ms "^2.1.1"
      semver "^7.3.8"
  
  jwa@^1.4.1:
    version "1.4.1"
    resolved "https://registry.yarnpkg.com/jwa/-/jwa-1.4.1.tgz#743c32985cb9e98655530d53641b66c8645b039a"
    integrity sha512-qiLX/xhEEFKUAJ6FiBMbes3w9ATzyk5W7Hvzpa/SLYdxNtng+gcurvrI7TbACjIXlsJyr05/S1oUhZrc63evQA==
    dependencies:
      buffer-equal-constant-time "1.0.1"
      ecdsa-sig-formatter "1.0.11"
      safe-buffer "^5.0.1"
  
  jws@^3.2.2:
    version "3.2.2"
    resolved "https://registry.yarnpkg.com/jws/-/jws-3.2.2.tgz#001099f3639468c9414000e99995fa52fb478304"
    integrity sha512-YHlZCB6lMTllWDtSPHz/ZXTsi8S00usEV6v1tjq8tOUZzw7DpSDWVXjXDre6ed1w/pd495ODpHZYSdkRTsa0HA==
    dependencies:
      jwa "^1.4.1"
      safe-buffer "^5.0.1"
  
  kareem@2.5.1:
    version "2.5.1"
    resolved "https://registry.yarnpkg.com/kareem/-/kareem-2.5.1.tgz#7b8203e11819a8e77a34b3517d3ead206764d15d"
    integrity sha512-7jFxRVm+jD+rkq3kY0iZDJfsO2/t4BBPeEb2qKn2lR/9KhuksYk5hxzfRYWMPV8P/x2d0kHD306YyWLzjjH+uA==
  
  lodash@^4.17.21:
    version "4.17.21"
    resolved "https://registry.yarnpkg.com/lodash/-/lodash-4.17.21.tgz#679591c564c3bffaae8454cf0b3df370c3d6911c"
    integrity sha512-v2kDEe57lecTulaDIuNTPy3Ry4gLGJ6Z1O3vE1krgXZNrsQ+LFTGHVxVjcXPs17LhbZVGedAJv8XZ1tvj5FvSg==
  
  lru-cache@^6.0.0:
    version "6.0.0"
    resolved "https://registry.yarnpkg.com/lru-cache/-/lru-cache-6.0.0.tgz#6d6fe6570ebd96aaf90fcad1dafa3b2566db3a94"
    integrity sha512-Jo6dJ04CmSjuznwJSS3pUeWmd/H0ffTlkXXgwZi+eq1UCmqQwCh+eLsYOYCwY991i2Fah4h1BEMCx4qThGbsiA==
    dependencies:
      yallist "^4.0.0"
  
  media-typer@0.3.0:
    version "0.3.0"
    resolved "https://registry.yarnpkg.com/media-typer/-/media-typer-0.3.0.tgz#8710d7af0aa626f8fffa1ce00168545263255748"
    integrity sha512-dq+qelQ9akHpcOl/gUVRTxVIOkAJ1wR3QAvb4RsVjS8oVoFjDGTc679wJYmUmknUF5HwMLOgb5O+a3KxfWapPQ==
  
  memory-pager@^1.0.2:
    version "1.5.0"
    resolved "https://registry.yarnpkg.com/memory-pager/-/memory-pager-1.5.0.tgz#d8751655d22d384682741c972f2c3d6dfa3e66b5"
    integrity sha512-ZS4Bp4r/Zoeq6+NLJpP+0Zzm0pR8whtGPf1XExKLJBAczGMnSi3It14OiNCStjQjM6NU1okjQGSxgEZN8eBYKg==
  
  merge-descriptors@1.0.1:
    version "1.0.1"
    resolved "https://registry.yarnpkg.com/merge-descriptors/-/merge-descriptors-1.0.1.tgz#b00aaa556dd8b44568150ec9d1b953f3f90cbb61"
    integrity sha512-cCi6g3/Zr1iqQi6ySbseM1Xvooa98N0w31jzUYrXPX2xqObmFGHJ0tQ5u74H3mVh7wLouTseZyYIq39g8cNp1w==
  
  methods@~1.1.2:
    version "1.1.2"
    resolved "https://registry.yarnpkg.com/methods/-/methods-1.1.2.tgz#5529a4d67654134edcc5266656835b0f851afcee"
    integrity sha512-iclAHeNqNm68zFtnZ0e+1L2yUIdvzNoauKU4WBA3VvH/vPFieF7qfRlwUZU+DA9P9bPXIS90ulxoUoCH23sV2w==
  
  mime-db@1.52.0:
    version "1.52.0"
    resolved "https://registry.yarnpkg.com/mime-db/-/mime-db-1.52.0.tgz#bbabcdc02859f4987301c856e3387ce5ec43bf70"
    integrity sha512-sPU4uV7dYlvtWJxwwxHD0PuihVNiE7TyAbQ5SWxDCB9mUYvOgroQOwYQQOKPJ8CIbE+1ETVlOoK1UC2nU3gYvg==
  
  mime-types@~2.1.24, mime-types@~2.1.34:
    version "2.1.35"
    resolved "https://registry.yarnpkg.com/mime-types/-/mime-types-2.1.35.tgz#381a871b62a734450660ae3deee44813f70d959a"
    integrity sha512-ZDY+bPm5zTTF+YpCrAU9nK0UgICYPT0QtT1NZWFv4s++TNkcgVaT0g6+4R2uI4MjQjzysHB1zxuWL50hzaeXiw==
    dependencies:
      mime-db "1.52.0"
  
  mime@1.6.0:
    version "1.6.0"
    resolved "https://registry.yarnpkg.com/mime/-/mime-1.6.0.tgz#32cd9e5c64553bd58d19a568af452acff04981b1"
    integrity sha512-x0Vn8spI+wuJ1O6S7gnbaQg8Pxh4NNHb7KSINmEWKiPE4RKOplvijn+NkmYmmRgP68mc70j2EbeTFRsrswaQeg==
  
  minimist@^1.2.6:
    version "1.2.8"
    resolved "https://registry.yarnpkg.com/minimist/-/minimist-1.2.8.tgz#c1a464e7693302e082a075cee0c057741ac4772c"
    integrity sha512-2yyAR8qBkN3YuheJanUpWC5U3bb5osDywNB8RzDVlDwDHbocAJveqqj1u8+SVD7jkWT4yvsHCpWqqWqAxb0zCA==
  
  mkdirp@^0.5.4:
    version "0.5.6"
    resolved "https://registry.yarnpkg.com/mkdirp/-/mkdirp-0.5.6.tgz#7def03d2432dcae4ba1d611445c48396062255f6"
    integrity sha512-FP+p8RB8OWpF3YZBCrP5gtADmtXApB5AMLn+vdyA+PyxCjrCs00mjyUozssO33cwDeT3wNGdLxJ5M//YqtHAJw==
    dependencies:
      minimist "^1.2.6"
  
  mongodb-connection-string-url@^2.6.0:
    version "2.6.0"
    resolved "https://registry.yarnpkg.com/mongodb-connection-string-url/-/mongodb-connection-string-url-2.6.0.tgz#57901bf352372abdde812c81be47b75c6b2ec5cf"
    integrity sha512-WvTZlI9ab0QYtTYnuMLgobULWhokRjtC7db9LtcVfJ+Hsnyr5eo6ZtNAt3Ly24XZScGMelOcGtm7lSn0332tPQ==
    dependencies:
      "@types/whatwg-url" "^8.2.1"
      whatwg-url "^11.0.0"
  
  mongodb@5.7.0:
    version "5.7.0"
    resolved "https://registry.yarnpkg.com/mongodb/-/mongodb-5.7.0.tgz#e16d2fcdfd9f8503ec2d88288392dc3235bb3ecc"
    integrity sha512-zm82Bq33QbqtxDf58fLWBwTjARK3NSvKYjyz997KSy6hpat0prjeX/kxjbPVyZY60XYPDNETaHkHJI2UCzSLuw==
    dependencies:
      bson "^5.4.0"
      mongodb-connection-string-url "^2.6.0"
      socks "^2.7.1"
    optionalDependencies:
      saslprep "^1.0.3"
  
  mongoose@^7.4.5:
    version "7.4.5"
    resolved "https://registry.yarnpkg.com/mongoose/-/mongoose-7.4.5.tgz#7c843c6e3e8dcd22b0ff0f0981aca69b863e7723"
    integrity sha512-X7Mw7KHUYZmyOQmlu7D9TnZh/3vOrAYmZwEpXDU0VDvLPKT0T7PF6blwiv3aXOEMwv9T3rLTC9lJb3C5dWld2A==
    dependencies:
      bson "^5.4.0"
      kareem "2.5.1"
      mongodb "5.7.0"
      mpath "0.9.0"
      mquery "5.0.0"
      ms "2.1.3"
      sift "16.0.1"
  
  mpath@0.9.0:
    version "0.9.0"
    resolved "https://registry.yarnpkg.com/mpath/-/mpath-0.9.0.tgz#0c122fe107846e31fc58c75b09c35514b3871904"
    integrity sha512-ikJRQTk8hw5DEoFVxHG1Gn9T/xcjtdnOKIU1JTmGjZZlg9LST2mBLmcX3/ICIbgJydT2GOc15RnNy5mHmzfSew==
  
  mquery@5.0.0:
    version "5.0.0"
    resolved "https://registry.yarnpkg.com/mquery/-/mquery-5.0.0.tgz#a95be5dfc610b23862df34a47d3e5d60e110695d"
    integrity sha512-iQMncpmEK8R8ncT8HJGsGc9Dsp8xcgYMVSbs5jgnm1lFHTZqMJTUWTDx1LBO8+mK3tPNZWFLBghQEIOULSTHZg==
    dependencies:
      debug "4.x"
  
  ms@2.0.0:
    version "2.0.0"
    resolved "https://registry.yarnpkg.com/ms/-/ms-2.0.0.tgz#5608aeadfc00be6c2901df5f9861788de0d597c8"
    integrity sha512-Tpp60P6IUJDTuOq/5Z8cdskzJujfwqfOTkrwIwj7IRISpnkJnT6SyJ4PCPnGMoFjC9ddhal5KVIYtAt97ix05A==
  
  ms@2.1.2:
    version "2.1.2"
    resolved "https://registry.yarnpkg.com/ms/-/ms-2.1.2.tgz#d09d1f357b443f493382a8eb3ccd183872ae6009"
    integrity sha512-sGkPx+VjMtmA6MX27oA4FBFELFCZZ4S4XqeGOXCv68tT+jb3vk/RyaKWP0PTKyWtmLSM0b+adUTEvbs1PEaH2w==
  
  ms@2.1.3, ms@^2.1.1:
    version "2.1.3"
    resolved "https://registry.yarnpkg.com/ms/-/ms-2.1.3.tgz#574c8138ce1d2b5861f0b44579dbadd60c6615b2"
    integrity sha512-6FlzubTLZG3J2a/NVCAleEhjzq5oxgHyaCU9yYXvcLsvoVaHJq/s5xXI6/XXP6tz7R9xAOtHnSO/tXtF3WRTlA==
  
  multer@^1.4.5-lts.1:
    version "1.4.5-lts.1"
    resolved "https://registry.yarnpkg.com/multer/-/multer-1.4.5-lts.1.tgz#803e24ad1984f58edffbc79f56e305aec5cfd1ac"
    integrity sha512-ywPWvcDMeH+z9gQq5qYHCCy+ethsk4goepZ45GLD63fOu0YcNecQxi64nDs3qluZB+murG3/D4dJ7+dGctcCQQ==
    dependencies:
      append-field "^1.0.0"
      busboy "^1.0.0"
      concat-stream "^1.5.2"
      mkdirp "^0.5.4"
      object-assign "^4.1.1"
      type-is "^1.6.4"
      xtend "^4.0.0"
  
  negotiator@0.6.3:
    version "0.6.3"
    resolved "https://registry.yarnpkg.com/negotiator/-/negotiator-0.6.3.tgz#58e323a72fedc0d6f9cd4d31fe49f51479590ccd"
    integrity sha512-+EUsqGPLsM+j/zdChZjsnX51g4XrHFOIXwfnCVPGlQk/k5giakcKsuxCObBRu6DSm9opw/O6slWbJdghQM4bBg==
  
  object-assign@^4, object-assign@^4.1.1:
    version "4.1.1"
    resolved "https://registry.yarnpkg.com/object-assign/-/object-assign-4.1.1.tgz#2109adc7965887cfc05cbbd442cac8bfbb360863"
    integrity sha512-rJgTQnkUnH1sFw8yT6VSU3zD3sWmu6sZhIseY8VX+GRu3P6F7Fu+JNDoXfklElbLJSnc3FUQHVe4cU5hj+BcUg==
  
  object-inspect@^1.9.0:
    version "1.12.3"
    resolved "https://registry.yarnpkg.com/object-inspect/-/object-inspect-1.12.3.tgz#ba62dffd67ee256c8c086dfae69e016cd1f198b9"
    integrity sha512-geUvdk7c+eizMNUDkRpW1wJwgfOiOeHbxBR/hLXK1aT6zmVSO0jsQcs7fj6MGw89jC/cjGfLcNOrtMYtGqm81g==
  
  on-finished@2.4.1:
    version "2.4.1"
    resolved "https://registry.yarnpkg.com/on-finished/-/on-finished-2.4.1.tgz#58c8c44116e54845ad57f14ab10b03533184ac3f"
    integrity sha512-oVlzkg3ENAhCk2zdv7IJwd/QUD4z2RxRwpkcGY8psCVcCYZNq4wYnVWALHM+brtuJjePWiYF/ClmuDr8Ch5+kg==
    dependencies:
      ee-first "1.1.1"
  
  parseurl@~1.3.3:
    version "1.3.3"
    resolved "https://registry.yarnpkg.com/parseurl/-/parseurl-1.3.3.tgz#9da19e7bee8d12dff0513ed5b76957793bc2e8d4"
    integrity sha512-CiyeOxFT/JZyN5m0z9PfXw4SCBJ6Sygz1Dpl0wqjlhDEGGBP1GnsUVEL0p63hoG1fcj3fHynXi9NYO4nWOL+qQ==
  
  path-to-regexp@0.1.7:
    version "0.1.7"
    resolved "https://registry.yarnpkg.com/path-to-regexp/-/path-to-regexp-0.1.7.tgz#df604178005f522f15eb4490e7247a1bfaa67f8c"
    integrity sha512-5DFkuoqlv1uYQKxy8omFBeJPQcdoE07Kv2sferDCrAq1ohOU+MSDswDIbnx3YAM60qIOnYa53wBhXW0EbMonrQ==
  
  process-nextick-args@~2.0.0:
    version "2.0.1"
    resolved "https://registry.yarnpkg.com/process-nextick-args/-/process-nextick-args-2.0.1.tgz#7820d9b16120cc55ca9ae7792680ae7dba6d7fe2"
    integrity sha512-3ouUOpQhtgrbOa17J7+uxOTpITYWaGP7/AhoR3+A+/1e9skrzelGi/dXzEYyvbxubEF6Wn2ypscTKiKJFFn1ag==
  
  proxy-addr@~2.0.7:
    version "2.0.7"
    resolved "https://registry.yarnpkg.com/proxy-addr/-/proxy-addr-2.0.7.tgz#f19fe69ceab311eeb94b42e70e8c2070f9ba1025"
    integrity sha512-llQsMLSUDUPT44jdrU/O37qlnifitDP+ZwrmmZcoSKyLKvtZxpyV0n2/bD/N4tBAAZ/gJEdZU7KMraoK1+XYAg==
    dependencies:
      forwarded "0.2.0"
      ipaddr.js "1.9.1"
  
  punycode@^2.1.1:
    version "2.3.0"
    resolved "https://registry.yarnpkg.com/punycode/-/punycode-2.3.0.tgz#f67fa67c94da8f4d0cfff981aee4118064199b8f"
    integrity sha512-rRV+zQD8tVFys26lAGR9WUuS4iUAngJScM+ZRSKtvl5tKeZ2t5bvdNFdNHBW9FWR4guGHlgmsZ1G7BSm2wTbuA==
  
  qs@6.11.0:
    version "6.11.0"
    resolved "https://registry.yarnpkg.com/qs/-/qs-6.11.0.tgz#fd0d963446f7a65e1367e01abd85429453f0c37a"
    integrity sha512-MvjoMCJwEarSbUYk5O+nmoSzSutSsTwF85zcHPQ9OrlFoZOYIjaqBAJIqIXjptyD5vThxGq52Xu/MaJzRkIk4Q==
    dependencies:
      side-channel "^1.0.4"
  
  range-parser@~1.2.1:
    version "1.2.1"
    resolved "https://registry.yarnpkg.com/range-parser/-/range-parser-1.2.1.tgz#3cf37023d199e1c24d1a55b84800c2f3e6468031"
    integrity sha512-Hrgsx+orqoygnmhFbKaHE6c296J+HTAQXoxEF6gNupROmmGJRoyzfG3ccAveqCBrwr/2yxQ5BVd/GTl5agOwSg==
  
  raw-body@2.5.1:
    version "2.5.1"
    resolved "https://registry.yarnpkg.com/raw-body/-/raw-body-2.5.1.tgz#fe1b1628b181b700215e5fd42389f98b71392857"
    integrity sha512-qqJBtEyVgS0ZmPGdCFPWJ3FreoqvG4MVQln/kCgF7Olq95IbOp0/BWyMwbdtn4VTvkM8Y7khCQ2Xgk/tcrCXig==
    dependencies:
      bytes "3.1.2"
      http-errors "2.0.0"
      iconv-lite "0.4.24"
      unpipe "1.0.0"
  
  readable-stream@^2.2.2:
    version "2.3.8"
    resolved "https://registry.yarnpkg.com/readable-stream/-/readable-stream-2.3.8.tgz#91125e8042bba1b9887f49345f6277027ce8be9b"
    integrity sha512-8p0AUk4XODgIewSi0l8Epjs+EVnWiK7NoDIEGU0HhE7+ZyY8D1IMY7odu5lRrFXGg71L15KG8QrPmum45RTtdA==
    dependencies:
      core-util-is "~1.0.0"
      inherits "~2.0.3"
      isarray "~1.0.0"
      process-nextick-args "~2.0.0"
      safe-buffer "~5.1.1"
      string_decoder "~1.1.1"
      util-deprecate "~1.0.1"
  
  safe-buffer@5.2.1, safe-buffer@^5.0.1:
    version "5.2.1"
    resolved "https://registry.yarnpkg.com/safe-buffer/-/safe-buffer-5.2.1.tgz#1eaf9fa9bdb1fdd4ec75f58f9cdb4e6b7827eec6"
    integrity sha512-rp3So07KcdmmKbGvgaNxQSJr7bGVSVk5S9Eq1F+ppbRo70+YeaDxkw5Dd8NPN+GD6bjnYm2VuPuCXmpuYvmCXQ==
  
  safe-buffer@~5.1.0, safe-buffer@~5.1.1:
    version "5.1.2"
    resolved "https://registry.yarnpkg.com/safe-buffer/-/safe-buffer-5.1.2.tgz#991ec69d296e0313747d59bdfd2b745c35f8828d"
    integrity sha512-Gd2UZBJDkXlY7GbJxfsE8/nvKkUEU1G38c1siN6QP6a9PT9MmHB8GnpscSmMJSoF8LOIrt8ud/wPtojys4G6+g==
  
  "safer-buffer@>= 2.1.2 < 3":
    version "2.1.2"
    resolved "https://registry.yarnpkg.com/safer-buffer/-/safer-buffer-2.1.2.tgz#44fa161b0187b9549dd84bb91802f9bd8385cd6a"
    integrity sha512-YZo3K82SD7Riyi0E1EQPojLz7kpepnSQI9IyPbHHg1XXXevb5dJI7tpyN2ADxGcQbHG7vcyRHk0cbwqcQriUtg==
  
  saslprep@^1.0.3:
    version "1.0.3"
    resolved "https://registry.yarnpkg.com/saslprep/-/saslprep-1.0.3.tgz#4c02f946b56cf54297e347ba1093e7acac4cf226"
    integrity sha512-/MY/PEMbk2SuY5sScONwhUDsV2p77Znkb/q3nSVstq/yQzYJOH/Azh29p9oJLsl3LnQwSvZDKagDGBsBwSooag==
    dependencies:
      sparse-bitfield "^3.0.3"
  
  semver@^7.3.8:
    version "7.5.4"
    resolved "https://registry.yarnpkg.com/semver/-/semver-7.5.4.tgz#483986ec4ed38e1c6c48c34894a9182dbff68a6e"
    integrity sha512-1bCSESV6Pv+i21Hvpxp3Dx+pSD8lIPt8uVjRrxAUt/nbswYc+tK6Y2btiULjd4+fnq15PX+nqQDC7Oft7WkwcA==
    dependencies:
      lru-cache "^6.0.0"
  
  send@0.18.0:
    version "0.18.0"
    resolved "https://registry.yarnpkg.com/send/-/send-0.18.0.tgz#670167cc654b05f5aa4a767f9113bb371bc706be"
    integrity sha512-qqWzuOjSFOuqPjFe4NOsMLafToQQwBSOEpS+FwEt3A2V3vKubTquT3vmLTQpFgMXp8AlFWFuP1qKaJZOtPpVXg==
    dependencies:
      debug "2.6.9"
      depd "2.0.0"
      destroy "1.2.0"
      encodeurl "~1.0.2"
      escape-html "~1.0.3"
      etag "~1.8.1"
      fresh "0.5.2"
      http-errors "2.0.0"
      mime "1.6.0"
      ms "2.1.3"
      on-finished "2.4.1"
      range-parser "~1.2.1"
      statuses "2.0.1"
  
  serve-static@1.15.0:
    version "1.15.0"
    resolved "https://registry.yarnpkg.com/serve-static/-/serve-static-1.15.0.tgz#faaef08cffe0a1a62f60cad0c4e513cff0ac9540"
    integrity sha512-XGuRDNjXUijsUL0vl6nSD7cwURuzEgglbOaFuZM9g3kwDXOWVTck0jLzjPzGD+TazWbboZYu52/9/XPdUgne9g==
    dependencies:
      encodeurl "~1.0.2"
      escape-html "~1.0.3"
      parseurl "~1.3.3"
      send "0.18.0"
  
  setprototypeof@1.2.0:
    version "1.2.0"
    resolved "https://registry.yarnpkg.com/setprototypeof/-/setprototypeof-1.2.0.tgz#66c9a24a73f9fc28cbe66b09fed3d33dcaf1b424"
    integrity sha512-E5LDX7Wrp85Kil5bhZv46j8jOeboKq5JMmYM3gVGdGH8xFpPWXUMsNrlODCrkoxMEeNi/XZIwuRvY4XNwYMJpw==
  
  side-channel@^1.0.4:
    version "1.0.4"
    resolved "https://registry.yarnpkg.com/side-channel/-/side-channel-1.0.4.tgz#efce5c8fdc104ee751b25c58d4290011fa5ea2cf"
    integrity sha512-q5XPytqFEIKHkGdiMIrY10mvLRvnQh42/+GoBlFW3b2LXLE2xxJpZFdm94we0BaoV3RwJyGqg5wS7epxTv0Zvw==
    dependencies:
      call-bind "^1.0.0"
      get-intrinsic "^1.0.2"
      object-inspect "^1.9.0"
  
  sift@16.0.1:
    version "16.0.1"
    resolved "https://registry.yarnpkg.com/sift/-/sift-16.0.1.tgz#e9c2ccc72191585008cf3e36fc447b2d2633a053"
    integrity sha512-Wv6BjQ5zbhW7VFefWusVP33T/EM0vYikCaQ2qR8yULbsilAT8/wQaXvuQ3ptGLpoKx+lihJE3y2UTgKDyyNHZQ==
  
  smart-buffer@^4.2.0:
    version "4.2.0"
    resolved "https://registry.yarnpkg.com/smart-buffer/-/smart-buffer-4.2.0.tgz#6e1d71fa4f18c05f7d0ff216dd16a481d0e8d9ae"
    integrity sha512-94hK0Hh8rPqQl2xXc3HsaBoOXKV20MToPkcXvwbISWLEs+64sBq5kFgn2kJDHb1Pry9yrP0dxrCI9RRci7RXKg==
  
  socks@^2.7.1:
    version "2.7.1"
    resolved "https://registry.yarnpkg.com/socks/-/socks-2.7.1.tgz#d8e651247178fde79c0663043e07240196857d55"
    integrity sha512-7maUZy1N7uo6+WVEX6psASxtNlKaNVMlGQKkG/63nEDdLOWNbiUMoLK7X4uYoLhQstau72mLgfEWcXcwsaHbYQ==
    dependencies:
      ip "^2.0.0"
      smart-buffer "^4.2.0"
  
  sparse-bitfield@^3.0.3:
    version "3.0.3"
    resolved "https://registry.yarnpkg.com/sparse-bitfield/-/sparse-bitfield-3.0.3.tgz#ff4ae6e68656056ba4b3e792ab3334d38273ca11"
    integrity sha512-kvzhi7vqKTfkh0PZU+2D2PIllw2ymqJKujUcyPMd9Y75Nv4nPbGJZXNhxsgdQab2BmlDct1YnfQCguEvHr7VsQ==
    dependencies:
      memory-pager "^1.0.2"
  
  statuses@2.0.1:
    version "2.0.1"
    resolved "https://registry.yarnpkg.com/statuses/-/statuses-2.0.1.tgz#55cb000ccf1d48728bd23c685a063998cf1a1b63"
    integrity sha512-RwNA9Z/7PrK06rYLIzFMlaF+l73iwpzsqRIFgbMLbTcLD6cOao82TaWefPXQvB2fOC4AjuYSEndS7N/mTCbkdQ==
  
  streamsearch@^1.1.0:
    version "1.1.0"
    resolved "https://registry.yarnpkg.com/streamsearch/-/streamsearch-1.1.0.tgz#404dd1e2247ca94af554e841a8ef0eaa238da764"
    integrity sha512-Mcc5wHehp9aXz1ax6bZUyY5afg9u2rv5cqQI3mRrYkGC8rW2hM02jWuwjtL++LS5qinSyhj2QfLyNsuc+VsExg==
  
  string_decoder@~1.1.1:
    version "1.1.1"
    resolved "https://registry.yarnpkg.com/string_decoder/-/string_decoder-1.1.1.tgz#9cf1611ba62685d7030ae9e4ba34149c3af03fc8"
    integrity sha512-n/ShnvDi6FHbbVfviro+WojiFzv+s8MPMHBczVePfUpDJLwoLT0ht1l4YwBCbi8pJAveEEdnkHyPyTP/mzRfwg==
    dependencies:
      safe-buffer "~5.1.0"
  
  strnum@^1.0.5:
    version "1.0.5"
    resolved "https://registry.yarnpkg.com/strnum/-/strnum-1.0.5.tgz#5c4e829fe15ad4ff0d20c3db5ac97b73c9b072db"
    integrity sha512-J8bbNyKKXl5qYcR36TIO8W3mVGVHrmmxsd5PAItGkmyzwJvybiw2IVq5nqd0i4LSNSkB/sx9VHllbfFdr9k1JA==
  
  toidentifier@1.0.1:
    version "1.0.1"
    resolved "https://registry.yarnpkg.com/toidentifier/-/toidentifier-1.0.1.tgz#3be34321a88a820ed1bd80dfaa33e479fbb8dd35"
    integrity sha512-o5sSPKEkg/DIQNmH43V0/uerLrpzVedkUh8tGNvaeXpfpuwjKenlSox/2O/BTlZUtEe+JG7s5YhEz608PlAHRA==
  
  tr46@^3.0.0:
    version "3.0.0"
    resolved "https://registry.yarnpkg.com/tr46/-/tr46-3.0.0.tgz#555c4e297a950617e8eeddef633c87d4d9d6cbf9"
    integrity sha512-l7FvfAHlcmulp8kr+flpQZmVwtu7nfRV7NZujtN0OqES8EL4O4e0qqzL0DC5gAvx/ZC/9lk6rhcUwYvkBnBnYA==
    dependencies:
      punycode "^2.1.1"
  
  tslib@^1.11.1:
    version "1.14.1"
    resolved "https://registry.yarnpkg.com/tslib/-/tslib-1.14.1.tgz#cf2d38bdc34a134bcaf1091c41f6619e2f672d00"
    integrity sha512-Xni35NKzjgMrwevysHTCArtLDpPvye8zV/0E4EyYn43P7/7qvQwPh9BGkHewbMulVntbigmcT7rdX3BNo9wRJg==
  
  tslib@^2.3.1, tslib@^2.5.0:
    version "2.6.2"
    resolved "https://registry.yarnpkg.com/tslib/-/tslib-2.6.2.tgz#703ac29425e7b37cd6fd456e92404d46d1f3e4ae"
    integrity sha512-AEYxH93jGFPn/a2iVAwW87VuUIkR1FVUKB77NwMF7nBTDkDrrT/Hpt/IrCJ0QXhW27jTBDcf5ZY7w6RiqTMw2Q==
  
  type-is@^1.6.4, type-is@~1.6.18:
    version "1.6.18"
    resolved "https://registry.yarnpkg.com/type-is/-/type-is-1.6.18.tgz#4e552cd05df09467dcbc4ef739de89f2cf37c131"
    integrity sha512-TkRKr9sUTxEH8MdfuCSP7VizJyzRNMjj2J2do2Jr3Kym598JVdEksuzPQCnlFPW4ky9Q+iA+ma9BGm06XQBy8g==
    dependencies:
      media-typer "0.3.0"
      mime-types "~2.1.24"
  
  typedarray@^0.0.6:
    version "0.0.6"
    resolved "https://registry.yarnpkg.com/typedarray/-/typedarray-0.0.6.tgz#867ac74e3864187b1d3d47d996a78ec5c8830777"
    integrity sha512-/aCDEGatGvZ2BIk+HmLf4ifCJFwvKFNb9/JeZPMulfgFracn9QFcAf5GO8B/mweUjSoblS5In0cWhqpfs/5PQA==
  
  unpipe@1.0.0, unpipe@~1.0.0:
    version "1.0.0"
    resolved "https://registry.yarnpkg.com/unpipe/-/unpipe-1.0.0.tgz#b2bf4ee8514aae6165b4817829d21b2ef49904ec"
    integrity sha512-pjy2bYhSsufwWlKwPc+l3cN7+wuJlK6uz0YdJEOlQDbl6jo/YlPi4mb8agUkVC8BF7V8NuzeyPNqRksA3hztKQ==
  
  util-deprecate@~1.0.1:
    version "1.0.2"
    resolved "https://registry.yarnpkg.com/util-deprecate/-/util-deprecate-1.0.2.tgz#450d4dc9fa70de732762fbd2d4a28981419a0ccf"
    integrity sha512-EPD5q1uXyFxJpCrLnCc1nHnq3gOa6DZBocAIiI2TaSCA7VCJ1UJDMagCzIkXNsUYfD1daK//LTEQ8xiIbrHtcw==
  
  utils-merge@1.0.1:
    version "1.0.1"
    resolved "https://registry.yarnpkg.com/utils-merge/-/utils-merge-1.0.1.tgz#9f95710f50a267947b2ccc124741c1028427e713"
    integrity sha512-pMZTvIkT1d+TFGvDOqodOclx0QWkkgi6Tdoa8gC8ffGAAqz9pzPTZWAybbsHHoED/ztMtkv/VoYTYyShUn81hA==
  
  uuid@^8.3.2:
    version "8.3.2"
    resolved "https://registry.yarnpkg.com/uuid/-/uuid-8.3.2.tgz#80d5b5ced271bb9af6c445f21a1a04c606cefbe2"
    integrity sha512-+NYs2QeMWy+GWFOEm9xnn6HCDp0l7QBD7ml8zLUmJ+93Q5NF0NocErnwkTkXVFNiX3/fpC6afS8Dhb/gz7R7eg==
  
  validator@^13.11.0:
    version "13.11.0"
    resolved "https://registry.yarnpkg.com/validator/-/validator-13.11.0.tgz#23ab3fd59290c61248364eabf4067f04955fbb1b"
    integrity sha512-Ii+sehpSfZy+At5nPdnyMhx78fEoPDkR2XW/zimHEL3MyGJQOCQ7WeP20jPYRz7ZCpcKLB21NxuXHF3bxjStBQ==
  
  vary@^1, vary@~1.1.2:
    version "1.1.2"
    resolved "https://registry.yarnpkg.com/vary/-/vary-1.1.2.tgz#2299f02c6ded30d4a5961b0b9f74524a18f634fc"
    integrity sha512-BNGbWLfd0eUPabhkXUVm0j8uuvREyTh5ovRa/dyow/BqAbZJyC+5fU+IzQOzmAKzYqYRAISoRhdQr3eIZ/PXqg==
  
  webidl-conversions@^7.0.0:
    version "7.0.0"
    resolved "https://registry.yarnpkg.com/webidl-conversions/-/webidl-conversions-7.0.0.tgz#256b4e1882be7debbf01d05f0aa2039778ea080a"
    integrity sha512-VwddBukDzu71offAQR975unBIGqfKZpM+8ZX6ySk8nYhVoo5CYaZyzt3YBvYtRtO+aoGlqxPg/B87NGVZ/fu6g==
  
  whatwg-url@^11.0.0:
    version "11.0.0"
    resolved "https://registry.yarnpkg.com/whatwg-url/-/whatwg-url-11.0.0.tgz#0a849eebb5faf2119b901bb76fd795c2848d4018"
    integrity sha512-RKT8HExMpoYx4igMiVMY83lN6UeITKJlBQ+vR/8ZJ8OCdSiN3RwCq+9gH0+Xzj0+5IrM6i4j/6LuvzbZIQgEcQ==
    dependencies:
      tr46 "^3.0.0"
      webidl-conversions "^7.0.0"
  
  xtend@^4.0.0:
    version "4.0.2"
    resolved "https://registry.yarnpkg.com/xtend/-/xtend-4.0.2.tgz#bb72779f5fa465186b1f438f674fa347fdb5db54"
    integrity sha512-LKYU1iAXJXUgAXn9URjiu+MWhyUXHsvfp7mcuYm9dSUKK0/CjtrUwFAxD82/mCWbtLsGjFIad0wIsod4zrTAEQ==
  
  yallist@^4.0.0:
    version "4.0.0"
    resolved "https://registry.yarnpkg.com/yallist/-/yallist-4.0.0.tgz#9bb92790d9c0effec63be73519e11a35019a3a72"
    integrity sha512-3wdGidZyq5PB084XLES5TpOSRA3wjXAlIWMhum2kRcv/41Sn2emQ0dycQW4uZXLejwKvg6EsvbdlVL+FYEct7A==
